{"/Users/tomyromero/myOffice/training/project2/main/Project2_OMDb_API_Movies_CMS_Group1/iMovies/frontend/src/main.jsx": {"path":"/Users/tomyromero/myOffice/training/project2/main/Project2_OMDb_API_Movies_CMS_Group1/iMovies/frontend/src/main.jsx","statementMap":{"0":{"start":{"line":15,"column":0},"end":{"line":33,"column":2}}},"fnMap":{},"branchMap":{},"s":{"0":0},"f":{},"b":{}}
,"/Users/tomyromero/myOffice/training/project2/main/Project2_OMDb_API_Movies_CMS_Group1/iMovies/frontend/src/components/PrivateRoutes.jsx": {"path":"/Users/tomyromero/myOffice/training/project2/main/Project2_OMDb_API_Movies_CMS_Group1/iMovies/frontend/src/components/PrivateRoutes.jsx","statementMap":{"0":{"start":{"line":6,"column":22},"end":{"line":17,"column":1}},"1":{"start":{"line":8,"column":16},"end":{"line":8,"column":45}},"2":{"start":{"line":10,"column":2},"end":{"line":13,"column":3}},"3":{"start":{"line":12,"column":4},"end":{"line":12,"column":36}},"4":{"start":{"line":16,"column":2},"end":{"line":16,"column":20}}},"fnMap":{"0":{"name":"(anonymous_0)","decl":{"start":{"line":6,"column":22},"end":{"line":6,"column":23}},"loc":{"start":{"line":6,"column":28},"end":{"line":17,"column":1}},"line":6}},"branchMap":{"0":{"loc":{"start":{"line":10,"column":2},"end":{"line":13,"column":3}},"type":"if","locations":[{"start":{"line":10,"column":2},"end":{"line":13,"column":3}},{"start":{},"end":{}}],"line":10},"1":{"loc":{"start":{"line":10,"column":6},"end":{"line":10,"column":37}},"type":"binary-expr","locations":[{"start":{"line":10,"column":6},"end":{"line":10,"column":12}},{"start":{"line":10,"column":16},"end":{"line":10,"column":37}}],"line":10}},"s":{"0":1,"1":2,"2":2,"3":1,"4":1},"f":{"0":2},"b":{"0":[1,1],"1":[2,1]},"_coverageSchema":"1a1c01bbd47fc00a2c39e90264f33305004495a9","hash":"8913180835a19bb02a34fda7fce524bc12ec77ea"}
,"/Users/tomyromero/myOffice/training/project2/main/Project2_OMDb_API_Movies_CMS_Group1/iMovies/frontend/src/components/Dashboard/DashBoard.jsx": {"path":"/Users/tomyromero/myOffice/training/project2/main/Project2_OMDb_API_Movies_CMS_Group1/iMovies/frontend/src/components/Dashboard/DashBoard.jsx","statementMap":{"0":{"start":{"line":5,"column":18},"end":{"line":34,"column":1}},"1":{"start":{"line":6,"column":2},"end":{"line":33,"column":4}},"2":{"start":{"line":10,"column":37},"end":{"line":10,"column":70}},"3":{"start":{"line":16,"column":37},"end":{"line":16,"column":70}},"4":{"start":{"line":22,"column":37},"end":{"line":22,"column":70}},"5":{"start":{"line":28,"column":37},"end":{"line":28,"column":70}}},"fnMap":{"0":{"name":"(anonymous_0)","decl":{"start":{"line":5,"column":18},"end":{"line":5,"column":19}},"loc":{"start":{"line":5,"column":24},"end":{"line":34,"column":1}},"line":5},"1":{"name":"(anonymous_1)","decl":{"start":{"line":10,"column":19},"end":{"line":10,"column":20}},"loc":{"start":{"line":10,"column":37},"end":{"line":10,"column":70}},"line":10},"2":{"name":"(anonymous_2)","decl":{"start":{"line":16,"column":19},"end":{"line":16,"column":20}},"loc":{"start":{"line":16,"column":37},"end":{"line":16,"column":70}},"line":16},"3":{"name":"(anonymous_3)","decl":{"start":{"line":22,"column":19},"end":{"line":22,"column":20}},"loc":{"start":{"line":22,"column":37},"end":{"line":22,"column":70}},"line":22},"4":{"name":"(anonymous_4)","decl":{"start":{"line":28,"column":19},"end":{"line":28,"column":20}},"loc":{"start":{"line":28,"column":37},"end":{"line":28,"column":70}},"line":28}},"branchMap":{"0":{"loc":{"start":{"line":10,"column":44},"end":{"line":10,"column":68}},"type":"cond-expr","locations":[{"start":{"line":10,"column":55},"end":{"line":10,"column":63}},{"start":{"line":10,"column":66},"end":{"line":10,"column":68}}],"line":10},"1":{"loc":{"start":{"line":16,"column":44},"end":{"line":16,"column":68}},"type":"cond-expr","locations":[{"start":{"line":16,"column":55},"end":{"line":16,"column":63}},{"start":{"line":16,"column":66},"end":{"line":16,"column":68}}],"line":16},"2":{"loc":{"start":{"line":22,"column":44},"end":{"line":22,"column":68}},"type":"cond-expr","locations":[{"start":{"line":22,"column":55},"end":{"line":22,"column":63}},{"start":{"line":22,"column":66},"end":{"line":22,"column":68}}],"line":22},"3":{"loc":{"start":{"line":28,"column":44},"end":{"line":28,"column":68}},"type":"cond-expr","locations":[{"start":{"line":28,"column":55},"end":{"line":28,"column":63}},{"start":{"line":28,"column":66},"end":{"line":28,"column":68}}],"line":28}},"s":{"0":1,"1":7,"2":7,"3":7,"4":7,"5":7},"f":{"0":7,"1":7,"2":7,"3":7,"4":7},"b":{"0":[0,7],"1":[0,7],"2":[0,7],"3":[0,7]},"_coverageSchema":"1a1c01bbd47fc00a2c39e90264f33305004495a9","hash":"e5ee88aa2bf8af6c22c6bda56eff014829606be5"}
,"/Users/tomyromero/myOffice/training/project2/main/Project2_OMDb_API_Movies_CMS_Group1/iMovies/frontend/src/components/Header/Header.jsx": {"path":"/Users/tomyromero/myOffice/training/project2/main/Project2_OMDb_API_Movies_CMS_Group1/iMovies/frontend/src/components/Header/Header.jsx","statementMap":{"0":{"start":{"line":7,"column":30},"end":{"line":7,"column":45}},"1":{"start":{"line":8,"column":19},"end":{"line":8,"column":32}},"2":{"start":{"line":9,"column":28},"end":{"line":9,"column":67}},"3":{"start":{"line":10,"column":34},"end":{"line":10,"column":46}},"4":{"start":{"line":12,"column":2},"end":{"line":32,"column":9}},"5":{"start":{"line":13,"column":27},"end":{"line":23,"column":5}},"6":{"start":{"line":14,"column":26},"end":{"line":14,"column":55}},"7":{"start":{"line":15,"column":6},"end":{"line":15,"column":28}},"8":{"start":{"line":17,"column":6},"end":{"line":22,"column":7}},"9":{"start":{"line":18,"column":29},"end":{"line":18,"column":53}},"10":{"start":{"line":19,"column":8},"end":{"line":19,"column":66}},"11":{"start":{"line":21,"column":8},"end":{"line":21,"column":24}},"12":{"start":{"line":25,"column":4},"end":{"line":25,"column":21}},"13":{"start":{"line":27,"column":4},"end":{"line":27,"column":60}},"14":{"start":{"line":29,"column":4},"end":{"line":31,"column":6}},"15":{"start":{"line":30,"column":6},"end":{"line":30,"column":65}},"16":{"start":{"line":34,"column":23},"end":{"line":40,"column":3}},"17":{"start":{"line":35,"column":4},"end":{"line":35,"column":37}},"18":{"start":{"line":36,"column":4},"end":{"line":36,"column":36}},"19":{"start":{"line":37,"column":4},"end":{"line":37,"column":19}},"20":{"start":{"line":38,"column":4},"end":{"line":38,"column":20}},"21":{"start":{"line":39,"column":4},"end":{"line":39,"column":23}},"22":{"start":{"line":42,"column":21},"end":{"line":44,"column":3}},"23":{"start":{"line":43,"column":4},"end":{"line":43,"column":23}},"24":{"start":{"line":46,"column":20},"end":{"line":48,"column":3}},"25":{"start":{"line":47,"column":4},"end":{"line":47,"column":21}},"26":{"start":{"line":50,"column":2},"end":{"line":91,"column":4}}},"fnMap":{"0":{"name":"Header","decl":{"start":{"line":6,"column":24},"end":{"line":6,"column":30}},"loc":{"start":{"line":6,"column":33},"end":{"line":92,"column":1}},"line":6},"1":{"name":"(anonymous_1)","decl":{"start":{"line":12,"column":12},"end":{"line":12,"column":13}},"loc":{"start":{"line":12,"column":18},"end":{"line":32,"column":3}},"line":12},"2":{"name":"(anonymous_2)","decl":{"start":{"line":13,"column":27},"end":{"line":13,"column":28}},"loc":{"start":{"line":13,"column":33},"end":{"line":23,"column":5}},"line":13},"3":{"name":"(anonymous_3)","decl":{"start":{"line":29,"column":11},"end":{"line":29,"column":12}},"loc":{"start":{"line":29,"column":17},"end":{"line":31,"column":5}},"line":29},"4":{"name":"(anonymous_4)","decl":{"start":{"line":34,"column":23},"end":{"line":34,"column":24}},"loc":{"start":{"line":34,"column":29},"end":{"line":40,"column":3}},"line":34},"5":{"name":"(anonymous_5)","decl":{"start":{"line":42,"column":21},"end":{"line":42,"column":22}},"loc":{"start":{"line":42,"column":27},"end":{"line":44,"column":3}},"line":42},"6":{"name":"(anonymous_6)","decl":{"start":{"line":46,"column":20},"end":{"line":46,"column":21}},"loc":{"start":{"line":46,"column":26},"end":{"line":48,"column":3}},"line":46}},"branchMap":{"0":{"loc":{"start":{"line":17,"column":6},"end":{"line":22,"column":7}},"type":"if","locations":[{"start":{"line":17,"column":6},"end":{"line":22,"column":7}},{"start":{"line":20,"column":13},"end":{"line":22,"column":7}}],"line":17},"1":{"loc":{"start":{"line":17,"column":10},"end":{"line":17,"column":53}},"type":"binary-expr","locations":[{"start":{"line":17,"column":10},"end":{"line":17,"column":21}},{"start":{"line":17,"column":25},"end":{"line":17,"column":53}}],"line":17},"2":{"loc":{"start":{"line":19,"column":20},"end":{"line":19,"column":64}},"type":"cond-expr","locations":[{"start":{"line":19,"column":35},"end":{"line":19,"column":59}},{"start":{"line":19,"column":62},"end":{"line":19,"column":64}}],"line":19},"3":{"loc":{"start":{"line":62,"column":36},"end":{"line":62,"column":56}},"type":"cond-expr","locations":[{"start":{"line":62,"column":45},"end":{"line":62,"column":51}},{"start":{"line":62,"column":54},"end":{"line":62,"column":56}}],"line":62},"4":{"loc":{"start":{"line":63,"column":11},"end":{"line":86,"column":11}},"type":"cond-expr","locations":[{"start":{"line":64,"column":12},"end":{"line":71,"column":15}},{"start":{"line":73,"column":12},"end":{"line":84,"column":15}}],"line":63},"5":{"loc":{"start":{"line":63,"column":11},"end":{"line":63,"column":42}},"type":"binary-expr","locations":[{"start":{"line":63,"column":11},"end":{"line":63,"column":16}},{"start":{"line":63,"column":20},"end":{"line":63,"column":42}}],"line":63}},"s":{"0":5,"1":5,"2":5,"3":5,"4":5,"5":3,"6":3,"7":3,"8":3,"9":2,"10":2,"11":1,"12":3,"13":3,"14":3,"15":3,"16":5,"17":0,"18":0,"19":0,"20":0,"21":0,"22":5,"23":0,"24":5,"25":0,"26":5},"f":{"0":5,"1":3,"2":3,"3":3,"4":0,"5":0,"6":0},"b":{"0":[2,1],"1":[3,2],"2":[2,0],"3":[0,5],"4":[4,1],"5":[5,4]},"_coverageSchema":"1a1c01bbd47fc00a2c39e90264f33305004495a9","hash":"b4771a1eccd3f0aa0db80492ec40da0ed8328d21"}
,"/Users/tomyromero/myOffice/training/project2/main/Project2_OMDb_API_Movies_CMS_Group1/iMovies/frontend/src/components/Layout/Layout.jsx": {"path":"/Users/tomyromero/myOffice/training/project2/main/Project2_OMDb_API_Movies_CMS_Group1/iMovies/frontend/src/components/Layout/Layout.jsx","statementMap":{"0":{"start":{"line":6,"column":2},"end":{"line":11,"column":4}}},"fnMap":{"0":{"name":"Layout","decl":{"start":{"line":5,"column":9},"end":{"line":5,"column":15}},"loc":{"start":{"line":5,"column":18},"end":{"line":12,"column":1}},"line":5}},"branchMap":{},"s":{"0":1},"f":{"0":1},"b":{},"_coverageSchema":"1a1c01bbd47fc00a2c39e90264f33305004495a9","hash":"277edd6ace77a5880775109fe48545126c1c0382"}
,"/Users/tomyromero/myOffice/training/project2/main/Project2_OMDb_API_Movies_CMS_Group1/iMovies/frontend/src/components/MovieCard/MovieCard.jsx": {"path":"/Users/tomyromero/myOffice/training/project2/main/Project2_OMDb_API_Movies_CMS_Group1/iMovies/frontend/src/components/MovieCard/MovieCard.jsx","statementMap":{"0":{"start":{"line":6,"column":18},"end":{"line":120,"column":1}},"1":{"start":{"line":7,"column":40},"end":{"line":7,"column":54}},"2":{"start":{"line":8,"column":30},"end":{"line":8,"column":44}},"3":{"start":{"line":9,"column":32},"end":{"line":9,"column":47}},"4":{"start":{"line":10,"column":36},"end":{"line":10,"column":47}},"5":{"start":{"line":11,"column":32},"end":{"line":11,"column":46}},"6":{"start":{"line":13,"column":23},"end":{"line":13,"column":52}},"7":{"start":{"line":15,"column":25},"end":{"line":15,"column":71}},"8":{"start":{"line":15,"column":31},"end":{"line":15,"column":71}},"9":{"start":{"line":17,"column":28},"end":{"line":66,"column":27}},"10":{"start":{"line":18,"column":4},"end":{"line":65,"column":5}},"11":{"start":{"line":19,"column":45},"end":{"line":22,"column":8}},"12":{"start":{"line":24,"column":6},"end":{"line":26,"column":7}},"13":{"start":{"line":25,"column":8},"end":{"line":25,"column":93}},"14":{"start":{"line":27,"column":24},"end":{"line":27,"column":50}},"15":{"start":{"line":30,"column":22},"end":{"line":30,"column":24}},"16":{"start":{"line":31,"column":6},"end":{"line":47,"column":7}},"17":{"start":{"line":32,"column":29},"end":{"line":32,"column":55}},"18":{"start":{"line":33,"column":8},"end":{"line":42,"column":9}},"19":{"start":{"line":34,"column":10},"end":{"line":34,"column":47}},"20":{"start":{"line":36,"column":10},"end":{"line":36,"column":74}},"21":{"start":{"line":37,"column":10},"end":{"line":41,"column":11}},"22":{"start":{"line":38,"column":12},"end":{"line":38,"column":27}},"23":{"start":{"line":40,"column":12},"end":{"line":40,"column":62}},"24":{"start":{"line":43,"column":13},"end":{"line":47,"column":7}},"25":{"start":{"line":44,"column":8},"end":{"line":44,"column":23}},"26":{"start":{"line":46,"column":8},"end":{"line":46,"column":85}},"27":{"start":{"line":49,"column":6},"end":{"line":49,"column":45}},"28":{"start":{"line":50,"column":6},"end":{"line":50,"column":37}},"29":{"start":{"line":51,"column":26},"end":{"line":51,"column":42}},"30":{"start":{"line":52,"column":23},"end":{"line":52,"column":81}},"31":{"start":{"line":52,"column":46},"end":{"line":52,"column":80}},"32":{"start":{"line":54,"column":6},"end":{"line":59,"column":7}},"33":{"start":{"line":55,"column":8},"end":{"line":55,"column":25}},"34":{"start":{"line":56,"column":8},"end":{"line":56,"column":35}},"35":{"start":{"line":58,"column":8},"end":{"line":58,"column":26}},"36":{"start":{"line":60,"column":6},"end":{"line":60,"column":32}},"37":{"start":{"line":62,"column":6},"end":{"line":62,"column":69}},"38":{"start":{"line":64,"column":6},"end":{"line":64,"column":24}},"39":{"start":{"line":68,"column":2},"end":{"line":70,"column":26}},"40":{"start":{"line":69,"column":4},"end":{"line":69,"column":24}},"41":{"start":{"line":72,"column":26},"end":{"line":83,"column":3}},"42":{"start":{"line":73,"column":4},"end":{"line":82,"column":5}},"43":{"start":{"line":74,"column":22},"end":{"line":74,"column":111}},"44":{"start":{"line":75,"column":6},"end":{"line":78,"column":7}},"45":{"start":{"line":77,"column":8},"end":{"line":77,"column":28}},"46":{"start":{"line":80,"column":6},"end":{"line":80,"column":56}},"47":{"start":{"line":81,"column":6},"end":{"line":81,"column":53}},"48":{"start":{"line":85,"column":2},"end":{"line":87,"column":3}},"49":{"start":{"line":86,"column":4},"end":{"line":86,"column":28}},"50":{"start":{"line":89,"column":2},"end":{"line":91,"column":3}},"51":{"start":{"line":90,"column":4},"end":{"line":90,"column":49}},"52":{"start":{"line":93,"column":2},"end":{"line":119,"column":4}},"53":{"start":{"line":112,"column":27},"end":{"line":112,"column":44}}},"fnMap":{"0":{"name":"(anonymous_0)","decl":{"start":{"line":6,"column":18},"end":{"line":6,"column":19}},"loc":{"start":{"line":6,"column":83},"end":{"line":120,"column":1}},"line":6},"1":{"name":"(anonymous_1)","decl":{"start":{"line":15,"column":25},"end":{"line":15,"column":26}},"loc":{"start":{"line":15,"column":31},"end":{"line":15,"column":71}},"line":15},"2":{"name":"(anonymous_2)","decl":{"start":{"line":17,"column":40},"end":{"line":17,"column":41}},"loc":{"start":{"line":17,"column":52},"end":{"line":66,"column":3}},"line":17},"3":{"name":"(anonymous_3)","decl":{"start":{"line":52,"column":38},"end":{"line":52,"column":39}},"loc":{"start":{"line":52,"column":46},"end":{"line":52,"column":80}},"line":52},"4":{"name":"(anonymous_4)","decl":{"start":{"line":68,"column":12},"end":{"line":68,"column":13}},"loc":{"start":{"line":68,"column":18},"end":{"line":70,"column":3}},"line":68},"5":{"name":"(anonymous_5)","decl":{"start":{"line":72,"column":26},"end":{"line":72,"column":27}},"loc":{"start":{"line":72,"column":38},"end":{"line":83,"column":3}},"line":72},"6":{"name":"(anonymous_6)","decl":{"start":{"line":112,"column":21},"end":{"line":112,"column":22}},"loc":{"start":{"line":112,"column":27},"end":{"line":112,"column":44}},"line":112}},"branchMap":{"0":{"loc":{"start":{"line":24,"column":6},"end":{"line":26,"column":7}},"type":"if","locations":[{"start":{"line":24,"column":6},"end":{"line":26,"column":7}},{"start":{},"end":{}}],"line":24},"1":{"loc":{"start":{"line":31,"column":6},"end":{"line":47,"column":7}},"type":"if","locations":[{"start":{"line":31,"column":6},"end":{"line":47,"column":7}},{"start":{"line":43,"column":13},"end":{"line":47,"column":7}}],"line":31},"2":{"loc":{"start":{"line":37,"column":10},"end":{"line":41,"column":11}},"type":"if","locations":[{"start":{"line":37,"column":10},"end":{"line":41,"column":11}},{"start":{"line":39,"column":17},"end":{"line":41,"column":11}}],"line":37},"3":{"loc":{"start":{"line":43,"column":13},"end":{"line":47,"column":7}},"type":"if","locations":[{"start":{"line":43,"column":13},"end":{"line":47,"column":7}},{"start":{"line":45,"column":13},"end":{"line":47,"column":7}}],"line":43},"4":{"loc":{"start":{"line":54,"column":6},"end":{"line":59,"column":7}},"type":"if","locations":[{"start":{"line":54,"column":6},"end":{"line":59,"column":7}},{"start":{"line":57,"column":13},"end":{"line":59,"column":7}}],"line":54},"5":{"loc":{"start":{"line":75,"column":6},"end":{"line":78,"column":7}},"type":"if","locations":[{"start":{"line":75,"column":6},"end":{"line":78,"column":7}},{"start":{},"end":{}}],"line":75},"6":{"loc":{"start":{"line":85,"column":2},"end":{"line":87,"column":3}},"type":"if","locations":[{"start":{"line":85,"column":2},"end":{"line":87,"column":3}},{"start":{},"end":{}}],"line":85},"7":{"loc":{"start":{"line":89,"column":2},"end":{"line":91,"column":3}},"type":"if","locations":[{"start":{"line":89,"column":2},"end":{"line":91,"column":3}},{"start":{},"end":{}}],"line":89},"8":{"loc":{"start":{"line":108,"column":13},"end":{"line":108,"column":40}},"type":"cond-expr","locations":[{"start":{"line":108,"column":23},"end":{"line":108,"column":31}},{"start":{"line":108,"column":34},"end":{"line":108,"column":40}}],"line":108}},"s":{"0":1,"1":1,"2":1,"3":1,"4":1,"5":1,"6":1,"7":1,"8":0,"9":1,"10":1,"11":1,"12":1,"13":0,"14":0,"15":0,"16":0,"17":0,"18":0,"19":0,"20":0,"21":0,"22":0,"23":0,"24":0,"25":0,"26":0,"27":0,"28":0,"29":0,"30":0,"31":0,"32":0,"33":0,"34":0,"35":0,"36":0,"37":1,"38":1,"39":1,"40":1,"41":1,"42":0,"43":0,"44":0,"45":0,"46":0,"47":0,"48":1,"49":1,"50":0,"51":0,"52":0,"53":0},"f":{"0":1,"1":0,"2":1,"3":0,"4":1,"5":0,"6":0},"b":{"0":[0,0],"1":[0,0],"2":[0,0],"3":[0,0],"4":[0,0],"5":[0,0],"6":[1,0],"7":[0,0],"8":[0,0]},"_coverageSchema":"1a1c01bbd47fc00a2c39e90264f33305004495a9","hash":"cf63a14e288e42bc38833a9695b6bfec09b23b71"}
,"/Users/tomyromero/myOffice/training/project2/main/Project2_OMDb_API_Movies_CMS_Group1/iMovies/frontend/src/components/MovieModal/MovieModal.jsx": {"path":"/Users/tomyromero/myOffice/training/project2/main/Project2_OMDb_API_Movies_CMS_Group1/iMovies/frontend/src/components/MovieModal/MovieModal.jsx","statementMap":{"0":{"start":{"line":4,"column":19},"end":{"line":156,"column":1}},"1":{"start":{"line":5,"column":28},"end":{"line":5,"column":42}},"2":{"start":{"line":6,"column":30},"end":{"line":6,"column":42}},"3":{"start":{"line":7,"column":30},"end":{"line":7,"column":42}},"4":{"start":{"line":8,"column":34},"end":{"line":8,"column":49}},"5":{"start":{"line":9,"column":32},"end":{"line":9,"column":47}},"6":{"start":{"line":10,"column":42},"end":{"line":10,"column":54}},"7":{"start":{"line":11,"column":17},"end":{"line":11,"column":64}},"8":{"start":{"line":12,"column":23},"end":{"line":12,"column":52}},"9":{"start":{"line":14,"column":2},"end":{"line":40,"column":24}},"10":{"start":{"line":15,"column":30},"end":{"line":24,"column":5}},"11":{"start":{"line":16,"column":6},"end":{"line":23,"column":7}},"12":{"start":{"line":17,"column":25},"end":{"line":17,"column":100}},"13":{"start":{"line":18,"column":21},"end":{"line":18,"column":42}},"14":{"start":{"line":19,"column":8},"end":{"line":19,"column":23}},"15":{"start":{"line":20,"column":8},"end":{"line":20,"column":45}},"16":{"start":{"line":22,"column":8},"end":{"line":22,"column":62}},"17":{"start":{"line":26,"column":30},"end":{"line":37,"column":5}},"18":{"start":{"line":27,"column":6},"end":{"line":36,"column":7}},"19":{"start":{"line":28,"column":25},"end":{"line":28,"column":91}},"20":{"start":{"line":29,"column":23},"end":{"line":29,"column":44}},"21":{"start":{"line":32,"column":28},"end":{"line":32,"column":73}},"22":{"start":{"line":32,"column":49},"end":{"line":32,"column":72}},"23":{"start":{"line":33,"column":8},"end":{"line":33,"column":32}},"24":{"start":{"line":35,"column":8},"end":{"line":35,"column":66}},"25":{"start":{"line":39,"column":4},"end":{"line":39,"column":24}},"26":{"start":{"line":42,"column":25},"end":{"line":90,"column":3}},"27":{"start":{"line":43,"column":4},"end":{"line":46,"column":5}},"28":{"start":{"line":44,"column":6},"end":{"line":44,"column":36}},"29":{"start":{"line":45,"column":6},"end":{"line":45,"column":13}},"30":{"start":{"line":49,"column":4},"end":{"line":52,"column":5}},"31":{"start":{"line":50,"column":6},"end":{"line":50,"column":49}},"32":{"start":{"line":51,"column":6},"end":{"line":51,"column":13}},"33":{"start":{"line":54,"column":24},"end":{"line":54,"column":42}},"34":{"start":{"line":55,"column":4},"end":{"line":58,"column":5}},"35":{"start":{"line":56,"column":6},"end":{"line":56,"column":66}},"36":{"start":{"line":57,"column":6},"end":{"line":57,"column":13}},"37":{"start":{"line":60,"column":4},"end":{"line":60,"column":22}},"38":{"start":{"line":61,"column":4},"end":{"line":61,"column":24}},"39":{"start":{"line":62,"column":24},"end":{"line":67,"column":5}},"40":{"start":{"line":69,"column":4},"end":{"line":89,"column":5}},"41":{"start":{"line":70,"column":23},"end":{"line":76,"column":8}},"42":{"start":{"line":78,"column":6},"end":{"line":80,"column":7}},"43":{"start":{"line":79,"column":8},"end":{"line":79,"column":47}},"44":{"start":{"line":82,"column":21},"end":{"line":82,"column":42}},"45":{"start":{"line":83,"column":6},"end":{"line":83,"column":23}},"46":{"start":{"line":86,"column":6},"end":{"line":86,"column":49}},"47":{"start":{"line":88,"column":6},"end":{"line":88,"column":25}},"48":{"start":{"line":92,"column":29},"end":{"line":96,"column":3}},"49":{"start":{"line":93,"column":4},"end":{"line":95,"column":5}},"50":{"start":{"line":94,"column":6},"end":{"line":94,"column":16}},"51":{"start":{"line":98,"column":2},"end":{"line":101,"column":25}},"52":{"start":{"line":100,"column":4},"end":{"line":100,"column":24}},"53":{"start":{"line":103,"column":2},"end":{"line":105,"column":3}},"54":{"start":{"line":104,"column":4},"end":{"line":104,"column":16}},"55":{"start":{"line":107,"column":2},"end":{"line":155,"column":4}},"56":{"start":{"line":118,"column":31},"end":{"line":118,"column":56}},"57":{"start":{"line":130,"column":31},"end":{"line":130,"column":56}}},"fnMap":{"0":{"name":"(anonymous_0)","decl":{"start":{"line":4,"column":19},"end":{"line":4,"column":20}},"loc":{"start":{"line":4,"column":45},"end":{"line":156,"column":1}},"line":4},"1":{"name":"(anonymous_1)","decl":{"start":{"line":14,"column":12},"end":{"line":14,"column":13}},"loc":{"start":{"line":14,"column":18},"end":{"line":40,"column":3}},"line":14},"2":{"name":"(anonymous_2)","decl":{"start":{"line":15,"column":30},"end":{"line":15,"column":31}},"loc":{"start":{"line":15,"column":42},"end":{"line":24,"column":5}},"line":15},"3":{"name":"(anonymous_3)","decl":{"start":{"line":26,"column":30},"end":{"line":26,"column":31}},"loc":{"start":{"line":26,"column":48},"end":{"line":37,"column":5}},"line":26},"4":{"name":"(anonymous_4)","decl":{"start":{"line":32,"column":40},"end":{"line":32,"column":41}},"loc":{"start":{"line":32,"column":49},"end":{"line":32,"column":72}},"line":32},"5":{"name":"(anonymous_5)","decl":{"start":{"line":42,"column":25},"end":{"line":42,"column":26}},"loc":{"start":{"line":42,"column":37},"end":{"line":90,"column":3}},"line":42},"6":{"name":"(anonymous_6)","decl":{"start":{"line":92,"column":29},"end":{"line":92,"column":30}},"loc":{"start":{"line":92,"column":36},"end":{"line":96,"column":3}},"line":92},"7":{"name":"(anonymous_7)","decl":{"start":{"line":98,"column":12},"end":{"line":98,"column":13}},"loc":{"start":{"line":98,"column":18},"end":{"line":101,"column":3}},"line":98},"8":{"name":"(anonymous_8)","decl":{"start":{"line":118,"column":24},"end":{"line":118,"column":25}},"loc":{"start":{"line":118,"column":31},"end":{"line":118,"column":56}},"line":118},"9":{"name":"(anonymous_9)","decl":{"start":{"line":130,"column":24},"end":{"line":130,"column":25}},"loc":{"start":{"line":130,"column":31},"end":{"line":130,"column":56}},"line":130}},"branchMap":{"0":{"loc":{"start":{"line":43,"column":4},"end":{"line":46,"column":5}},"type":"if","locations":[{"start":{"line":43,"column":4},"end":{"line":46,"column":5}},{"start":{},"end":{}}],"line":43},"1":{"loc":{"start":{"line":49,"column":4},"end":{"line":52,"column":5}},"type":"if","locations":[{"start":{"line":49,"column":4},"end":{"line":52,"column":5}},{"start":{},"end":{}}],"line":49},"2":{"loc":{"start":{"line":55,"column":4},"end":{"line":58,"column":5}},"type":"if","locations":[{"start":{"line":55,"column":4},"end":{"line":58,"column":5}},{"start":{},"end":{}}],"line":55},"3":{"loc":{"start":{"line":55,"column":8},"end":{"line":55,"column":64}},"type":"binary-expr","locations":[{"start":{"line":55,"column":8},"end":{"line":55,"column":26}},{"start":{"line":55,"column":30},"end":{"line":55,"column":45}},{"start":{"line":55,"column":49},"end":{"line":55,"column":64}}],"line":55},"4":{"loc":{"start":{"line":78,"column":6},"end":{"line":80,"column":7}},"type":"if","locations":[{"start":{"line":78,"column":6},"end":{"line":80,"column":7}},{"start":{},"end":{}}],"line":78},"5":{"loc":{"start":{"line":93,"column":4},"end":{"line":95,"column":5}},"type":"if","locations":[{"start":{"line":93,"column":4},"end":{"line":95,"column":5}},{"start":{},"end":{}}],"line":93},"6":{"loc":{"start":{"line":103,"column":2},"end":{"line":105,"column":3}},"type":"if","locations":[{"start":{"line":103,"column":2},"end":{"line":105,"column":3}},{"start":{},"end":{}}],"line":103},"7":{"loc":{"start":{"line":113,"column":9},"end":{"line":135,"column":9}},"type":"binary-expr","locations":[{"start":{"line":113,"column":9},"end":{"line":113,"column":17}},{"start":{"line":114,"column":10},"end":{"line":134,"column":16}}],"line":113},"8":{"loc":{"start":{"line":139,"column":20},"end":{"line":139,"column":39}},"type":"binary-expr","locations":[{"start":{"line":139,"column":20},"end":{"line":139,"column":28}},{"start":{"line":139,"column":32},"end":{"line":139,"column":39}}],"line":139},"9":{"loc":{"start":{"line":141,"column":11},"end":{"line":141,"column":67}},"type":"cond-expr","locations":[{"start":{"line":141,"column":21},"end":{"line":141,"column":28}},{"start":{"line":141,"column":31},"end":{"line":141,"column":67}}],"line":141},"10":{"loc":{"start":{"line":141,"column":31},"end":{"line":141,"column":67}},"type":"cond-expr","locations":[{"start":{"line":141,"column":42},"end":{"line":141,"column":53}},{"start":{"line":141,"column":56},"end":{"line":141,"column":67}}],"line":141},"11":{"loc":{"start":{"line":143,"column":9},"end":{"line":143,"column":76}},"type":"binary-expr","locations":[{"start":{"line":143,"column":9},"end":{"line":143,"column":21}},{"start":{"line":143,"column":25},"end":{"line":143,"column":76}}],"line":143}},"s":{"0":1,"1":0,"2":0,"3":0,"4":0,"5":0,"6":0,"7":0,"8":0,"9":0,"10":0,"11":0,"12":0,"13":0,"14":0,"15":0,"16":0,"17":0,"18":0,"19":0,"20":0,"21":0,"22":0,"23":0,"24":0,"25":0,"26":0,"27":0,"28":0,"29":0,"30":0,"31":0,"32":0,"33":0,"34":0,"35":0,"36":0,"37":0,"38":0,"39":0,"40":0,"41":0,"42":0,"43":0,"44":0,"45":0,"46":0,"47":0,"48":0,"49":0,"50":0,"51":0,"52":0,"53":0,"54":0,"55":0,"56":0,"57":0},"f":{"0":0,"1":0,"2":0,"3":0,"4":0,"5":0,"6":0,"7":0,"8":0,"9":0},"b":{"0":[0,0],"1":[0,0],"2":[0,0],"3":[0,0,0],"4":[0,0],"5":[0,0],"6":[0,0],"7":[0,0],"8":[0,0],"9":[0,0],"10":[0,0],"11":[0,0]},"_coverageSchema":"1a1c01bbd47fc00a2c39e90264f33305004495a9","hash":"03a0c1bdc7e57ff701e314825f438fb361e9260a"}
,"/Users/tomyromero/myOffice/training/project2/main/Project2_OMDb_API_Movies_CMS_Group1/iMovies/frontend/src/components/SkeletonCard/SkeletonCard.jsx": {"path":"/Users/tomyromero/myOffice/training/project2/main/Project2_OMDb_API_Movies_CMS_Group1/iMovies/frontend/src/components/SkeletonCard/SkeletonCard.jsx","statementMap":{"0":{"start":{"line":4,"column":21},"end":{"line":16,"column":1}},"1":{"start":{"line":5,"column":2},"end":{"line":15,"column":4}}},"fnMap":{"0":{"name":"(anonymous_0)","decl":{"start":{"line":4,"column":21},"end":{"line":4,"column":22}},"loc":{"start":{"line":4,"column":27},"end":{"line":16,"column":1}},"line":4}},"branchMap":{},"s":{"0":1,"1":15},"f":{"0":15},"b":{},"_coverageSchema":"1a1c01bbd47fc00a2c39e90264f33305004495a9","hash":"75d089b111979ab155b7c03d5132787fafa7d71d"}
,"/Users/tomyromero/myOffice/training/project2/main/Project2_OMDb_API_Movies_CMS_Group1/iMovies/frontend/src/components/UpdateMovieModal/UpdateMovieModal.jsx": {"path":"/Users/tomyromero/myOffice/training/project2/main/Project2_OMDb_API_Movies_CMS_Group1/iMovies/frontend/src/components/UpdateMovieModal/UpdateMovieModal.jsx","statementMap":{"0":{"start":{"line":5,"column":25},"end":{"line":114,"column":1}},"1":{"start":{"line":6,"column":30},"end":{"line":6,"column":58}},"2":{"start":{"line":7,"column":30},"end":{"line":7,"column":58}},"3":{"start":{"line":8,"column":38},"end":{"line":8,"column":53}},"4":{"start":{"line":9,"column":42},"end":{"line":9,"column":54}},"5":{"start":{"line":10,"column":17},"end":{"line":10,"column":64}},"6":{"start":{"line":13,"column":28},"end":{"line":59,"column":3}},"7":{"start":{"line":15,"column":4},"end":{"line":18,"column":5}},"8":{"start":{"line":16,"column":6},"end":{"line":16,"column":49}},"9":{"start":{"line":17,"column":6},"end":{"line":17,"column":13}},"10":{"start":{"line":20,"column":24},"end":{"line":20,"column":42}},"11":{"start":{"line":21,"column":4},"end":{"line":24,"column":5}},"12":{"start":{"line":22,"column":6},"end":{"line":22,"column":66}},"13":{"start":{"line":23,"column":6},"end":{"line":23,"column":13}},"14":{"start":{"line":28,"column":4},"end":{"line":28,"column":24}},"15":{"start":{"line":29,"column":4},"end":{"line":29,"column":24}},"16":{"start":{"line":30,"column":24},"end":{"line":34,"column":5}},"17":{"start":{"line":36,"column":4},"end":{"line":58,"column":5}},"18":{"start":{"line":37,"column":23},"end":{"line":43,"column":8}},"19":{"start":{"line":45,"column":6},"end":{"line":47,"column":7}},"20":{"start":{"line":46,"column":8},"end":{"line":46,"column":50}},"21":{"start":{"line":49,"column":21},"end":{"line":49,"column":42}},"22":{"start":{"line":50,"column":6},"end":{"line":50,"column":57}},"23":{"start":{"line":51,"column":6},"end":{"line":51,"column":66}},"24":{"start":{"line":52,"column":6},"end":{"line":52,"column":16}},"25":{"start":{"line":55,"column":6},"end":{"line":55,"column":49}},"26":{"start":{"line":57,"column":6},"end":{"line":57,"column":27}},"27":{"start":{"line":61,"column":29},"end":{"line":65,"column":3}},"28":{"start":{"line":62,"column":4},"end":{"line":64,"column":5}},"29":{"start":{"line":63,"column":6},"end":{"line":63,"column":16}},"30":{"start":{"line":67,"column":2},"end":{"line":113,"column":4}},"31":{"start":{"line":77,"column":29},"end":{"line":77,"column":54}},"32":{"start":{"line":89,"column":29},"end":{"line":89,"column":54}}},"fnMap":{"0":{"name":"(anonymous_0)","decl":{"start":{"line":5,"column":25},"end":{"line":5,"column":26}},"loc":{"start":{"line":5,"column":59},"end":{"line":114,"column":1}},"line":5},"1":{"name":"(anonymous_1)","decl":{"start":{"line":13,"column":28},"end":{"line":13,"column":29}},"loc":{"start":{"line":13,"column":40},"end":{"line":59,"column":3}},"line":13},"2":{"name":"(anonymous_2)","decl":{"start":{"line":61,"column":29},"end":{"line":61,"column":30}},"loc":{"start":{"line":61,"column":36},"end":{"line":65,"column":3}},"line":61},"3":{"name":"(anonymous_3)","decl":{"start":{"line":77,"column":22},"end":{"line":77,"column":23}},"loc":{"start":{"line":77,"column":29},"end":{"line":77,"column":54}},"line":77},"4":{"name":"(anonymous_4)","decl":{"start":{"line":89,"column":22},"end":{"line":89,"column":23}},"loc":{"start":{"line":89,"column":29},"end":{"line":89,"column":54}},"line":89}},"branchMap":{"0":{"loc":{"start":{"line":6,"column":39},"end":{"line":6,"column":57}},"type":"binary-expr","locations":[{"start":{"line":6,"column":39},"end":{"line":6,"column":51}},{"start":{"line":6,"column":55},"end":{"line":6,"column":57}}],"line":6},"1":{"loc":{"start":{"line":7,"column":39},"end":{"line":7,"column":57}},"type":"binary-expr","locations":[{"start":{"line":7,"column":39},"end":{"line":7,"column":51}},{"start":{"line":7,"column":55},"end":{"line":7,"column":57}}],"line":7},"2":{"loc":{"start":{"line":15,"column":4},"end":{"line":18,"column":5}},"type":"if","locations":[{"start":{"line":15,"column":4},"end":{"line":18,"column":5}},{"start":{},"end":{}}],"line":15},"3":{"loc":{"start":{"line":21,"column":4},"end":{"line":24,"column":5}},"type":"if","locations":[{"start":{"line":21,"column":4},"end":{"line":24,"column":5}},{"start":{},"end":{}}],"line":21},"4":{"loc":{"start":{"line":21,"column":8},"end":{"line":21,"column":64}},"type":"binary-expr","locations":[{"start":{"line":21,"column":8},"end":{"line":21,"column":26}},{"start":{"line":21,"column":30},"end":{"line":21,"column":45}},{"start":{"line":21,"column":49},"end":{"line":21,"column":64}}],"line":21},"5":{"loc":{"start":{"line":45,"column":6},"end":{"line":47,"column":7}},"type":"if","locations":[{"start":{"line":45,"column":6},"end":{"line":47,"column":7}},{"start":{},"end":{}}],"line":45},"6":{"loc":{"start":{"line":62,"column":4},"end":{"line":64,"column":5}},"type":"if","locations":[{"start":{"line":62,"column":4},"end":{"line":64,"column":5}},{"start":{},"end":{}}],"line":62},"7":{"loc":{"start":{"line":99,"column":11},"end":{"line":99,"column":54}},"type":"cond-expr","locations":[{"start":{"line":99,"column":24},"end":{"line":99,"column":37}},{"start":{"line":99,"column":40},"end":{"line":99,"column":54}}],"line":99},"8":{"loc":{"start":{"line":101,"column":9},"end":{"line":101,"column":83}},"type":"binary-expr","locations":[{"start":{"line":101,"column":9},"end":{"line":101,"column":21}},{"start":{"line":101,"column":25},"end":{"line":101,"column":83}}],"line":101}},"s":{"0":1,"1":0,"2":0,"3":0,"4":0,"5":0,"6":0,"7":0,"8":0,"9":0,"10":0,"11":0,"12":0,"13":0,"14":0,"15":0,"16":0,"17":0,"18":0,"19":0,"20":0,"21":0,"22":0,"23":0,"24":0,"25":0,"26":0,"27":0,"28":0,"29":0,"30":0,"31":0,"32":0},"f":{"0":0,"1":0,"2":0,"3":0,"4":0},"b":{"0":[0,0],"1":[0,0],"2":[0,0],"3":[0,0],"4":[0,0,0],"5":[0,0],"6":[0,0],"7":[0,0],"8":[0,0]},"_coverageSchema":"1a1c01bbd47fc00a2c39e90264f33305004495a9","hash":"27c1bf0228c61b668739468abbaeea8de442f42d"}
,"/Users/tomyromero/myOffice/training/project2/main/Project2_OMDb_API_Movies_CMS_Group1/iMovies/frontend/src/components/UserCard/UserCard.jsx": {"path":"/Users/tomyromero/myOffice/training/project2/main/Project2_OMDb_API_Movies_CMS_Group1/iMovies/frontend/src/components/UserCard/UserCard.jsx","statementMap":{"0":{"start":{"line":5,"column":17},"end":{"line":63,"column":1}},"1":{"start":{"line":6,"column":38},"end":{"line":6,"column":53}},"2":{"start":{"line":7,"column":48},"end":{"line":7,"column":62}},"3":{"start":{"line":9,"column":27},"end":{"line":9,"column":73}},"4":{"start":{"line":9,"column":33},"end":{"line":9,"column":73}},"5":{"start":{"line":11,"column":33},"end":{"line":32,"column":21}},"6":{"start":{"line":12,"column":28},"end":{"line":12,"column":44}},"7":{"start":{"line":13,"column":8},"end":{"line":31,"column":9}},"8":{"start":{"line":14,"column":29},"end":{"line":14,"column":123}},"9":{"start":{"line":15,"column":12},"end":{"line":18,"column":13}},"10":{"start":{"line":16,"column":34},"end":{"line":16,"column":55}},"11":{"start":{"line":17,"column":16},"end":{"line":17,"column":122}},"12":{"start":{"line":19,"column":34},"end":{"line":19,"column":55}},"13":{"start":{"line":20,"column":12},"end":{"line":20,"column":59}},"14":{"start":{"line":21,"column":32},"end":{"line":21,"column":91}},"15":{"start":{"line":21,"column":61},"end":{"line":21,"column":90}},"16":{"start":{"line":22,"column":12},"end":{"line":28,"column":13}},"17":{"start":{"line":23,"column":16},"end":{"line":23,"column":35}},"18":{"start":{"line":24,"column":16},"end":{"line":24,"column":71}},"19":{"start":{"line":26,"column":16},"end":{"line":26,"column":36}},"20":{"start":{"line":27,"column":16},"end":{"line":27,"column":40}},"21":{"start":{"line":30,"column":12},"end":{"line":30,"column":69}},"22":{"start":{"line":34,"column":4},"end":{"line":36,"column":31}},"23":{"start":{"line":35,"column":8},"end":{"line":35,"column":31}},"24":{"start":{"line":38,"column":30},"end":{"line":53,"column":5}},"25":{"start":{"line":39,"column":8},"end":{"line":52,"column":9}},"26":{"start":{"line":40,"column":28},"end":{"line":40,"column":114}},"27":{"start":{"line":41,"column":12},"end":{"line":48,"column":13}},"28":{"start":{"line":43,"column":16},"end":{"line":43,"column":39}},"29":{"start":{"line":46,"column":16},"end":{"line":46,"column":45}},"30":{"start":{"line":50,"column":12},"end":{"line":50,"column":64}},"31":{"start":{"line":51,"column":12},"end":{"line":51,"column":61}},"32":{"start":{"line":55,"column":4},"end":{"line":62,"column":6}}},"fnMap":{"0":{"name":"(anonymous_0)","decl":{"start":{"line":5,"column":17},"end":{"line":5,"column":18}},"loc":{"start":{"line":5,"column":59},"end":{"line":63,"column":1}},"line":5},"1":{"name":"(anonymous_1)","decl":{"start":{"line":9,"column":27},"end":{"line":9,"column":28}},"loc":{"start":{"line":9,"column":33},"end":{"line":9,"column":73}},"line":9},"2":{"name":"(anonymous_2)","decl":{"start":{"line":11,"column":45},"end":{"line":11,"column":46}},"loc":{"start":{"line":11,"column":57},"end":{"line":32,"column":5}},"line":11},"3":{"name":"(anonymous_3)","decl":{"start":{"line":21,"column":51},"end":{"line":21,"column":52}},"loc":{"start":{"line":21,"column":61},"end":{"line":21,"column":90}},"line":21},"4":{"name":"(anonymous_4)","decl":{"start":{"line":34,"column":14},"end":{"line":34,"column":15}},"loc":{"start":{"line":34,"column":20},"end":{"line":36,"column":5}},"line":34},"5":{"name":"(anonymous_5)","decl":{"start":{"line":38,"column":30},"end":{"line":38,"column":31}},"loc":{"start":{"line":38,"column":42},"end":{"line":53,"column":5}},"line":38}},"branchMap":{"0":{"loc":{"start":{"line":15,"column":12},"end":{"line":18,"column":13}},"type":"if","locations":[{"start":{"line":15,"column":12},"end":{"line":18,"column":13}},{"start":{},"end":{}}],"line":15},"1":{"loc":{"start":{"line":22,"column":12},"end":{"line":28,"column":13}},"type":"if","locations":[{"start":{"line":22,"column":12},"end":{"line":28,"column":13}},{"start":{"line":25,"column":19},"end":{"line":28,"column":13}}],"line":22},"2":{"loc":{"start":{"line":41,"column":12},"end":{"line":48,"column":13}},"type":"if","locations":[{"start":{"line":41,"column":12},"end":{"line":48,"column":13}},{"start":{},"end":{}}],"line":41},"3":{"loc":{"start":{"line":59,"column":17},"end":{"line":59,"column":50}},"type":"cond-expr","locations":[{"start":{"line":59,"column":29},"end":{"line":59,"column":39}},{"start":{"line":59,"column":42},"end":{"line":59,"column":50}}],"line":59}},"s":{"0":1,"1":1,"2":1,"3":1,"4":1,"5":1,"6":1,"7":1,"8":1,"9":0,"10":0,"11":0,"12":0,"13":0,"14":0,"15":0,"16":0,"17":0,"18":0,"19":0,"20":0,"21":1,"22":1,"23":1,"24":1,"25":0,"26":0,"27":0,"28":0,"29":0,"30":0,"31":0,"32":1},"f":{"0":1,"1":1,"2":1,"3":0,"4":1,"5":0},"b":{"0":[0,0],"1":[0,0],"2":[0,0],"3":[0,1]},"_coverageSchema":"1a1c01bbd47fc00a2c39e90264f33305004495a9","hash":"caab8528612a25a3044276da5916f05df76851b1"}
,"/Users/tomyromero/myOffice/training/project2/main/Project2_OMDb_API_Movies_CMS_Group1/iMovies/frontend/src/pages/AddMovies/AddMovies.jsx": {"path":"/Users/tomyromero/myOffice/training/project2/main/Project2_OMDb_API_Movies_CMS_Group1/iMovies/frontend/src/pages/AddMovies/AddMovies.jsx","statementMap":{"0":{"start":{"line":7,"column":18},"end":{"line":150,"column":1}},"1":{"start":{"line":8,"column":30},"end":{"line":8,"column":42}},"2":{"start":{"line":9,"column":44},"end":{"line":9,"column":56}},"3":{"start":{"line":10,"column":38},"end":{"line":10,"column":50}},"4":{"start":{"line":11,"column":48},"end":{"line":11,"column":62}},"5":{"start":{"line":12,"column":36},"end":{"line":12,"column":50}},"6":{"start":{"line":13,"column":40},"end":{"line":13,"column":55}},"7":{"start":{"line":14,"column":14},"end":{"line":14,"column":43}},"8":{"start":{"line":16,"column":2},"end":{"line":40,"column":9}},"9":{"start":{"line":17,"column":31},"end":{"line":37,"column":5}},"10":{"start":{"line":18,"column":6},"end":{"line":18,"column":25}},"11":{"start":{"line":19,"column":6},"end":{"line":36,"column":7}},"12":{"start":{"line":20,"column":25},"end":{"line":20,"column":98}},"13":{"start":{"line":21,"column":21},"end":{"line":21,"column":42}},"14":{"start":{"line":22,"column":8},"end":{"line":31,"column":9}},"15":{"start":{"line":23,"column":34},"end":{"line":28,"column":13}},"16":{"start":{"line":23,"column":60},"end":{"line":28,"column":11}},"17":{"start":{"line":29,"column":10},"end":{"line":29,"column":44}},"18":{"start":{"line":30,"column":10},"end":{"line":30,"column":37}},"19":{"start":{"line":33,"column":8},"end":{"line":33,"column":55}},"20":{"start":{"line":35,"column":8},"end":{"line":35,"column":28}},"21":{"start":{"line":39,"column":4},"end":{"line":39,"column":25}},"22":{"start":{"line":42,"column":2},"end":{"line":80,"column":34}},"23":{"start":{"line":43,"column":31},"end":{"line":73,"column":5}},"24":{"start":{"line":44,"column":6},"end":{"line":44,"column":25}},"25":{"start":{"line":45,"column":6},"end":{"line":50,"column":7}},"26":{"start":{"line":47,"column":8},"end":{"line":47,"column":33}},"27":{"start":{"line":48,"column":8},"end":{"line":48,"column":28}},"28":{"start":{"line":49,"column":8},"end":{"line":49,"column":15}},"29":{"start":{"line":51,"column":6},"end":{"line":51,"column":27}},"30":{"start":{"line":52,"column":6},"end":{"line":72,"column":7}},"31":{"start":{"line":53,"column":25},"end":{"line":53,"column":105}},"32":{"start":{"line":54,"column":21},"end":{"line":54,"column":42}},"33":{"start":{"line":55,"column":8},"end":{"line":65,"column":9}},"34":{"start":{"line":56,"column":34},"end":{"line":61,"column":13}},"35":{"start":{"line":56,"column":60},"end":{"line":61,"column":11}},"36":{"start":{"line":62,"column":10},"end":{"line":62,"column":37}},"37":{"start":{"line":64,"column":10},"end":{"line":64,"column":24}},"38":{"start":{"line":67,"column":8},"end":{"line":67,"column":63}},"39":{"start":{"line":68,"column":8},"end":{"line":68,"column":22}},"40":{"start":{"line":70,"column":8},"end":{"line":70,"column":30}},"41":{"start":{"line":71,"column":8},"end":{"line":71,"column":28}},"42":{"start":{"line":75,"column":26},"end":{"line":77,"column":11}},"43":{"start":{"line":76,"column":6},"end":{"line":76,"column":27}},"44":{"start":{"line":79,"column":4},"end":{"line":79,"column":45}},"45":{"start":{"line":79,"column":17},"end":{"line":79,"column":44}},"46":{"start":{"line":82,"column":23},"end":{"line":84,"column":3}},"47":{"start":{"line":83,"column":4},"end":{"line":83,"column":34}},"48":{"start":{"line":86,"column":27},"end":{"line":88,"column":3}},"49":{"start":{"line":87,"column":4},"end":{"line":87,"column":32}},"50":{"start":{"line":90,"column":27},"end":{"line":92,"column":3}},"51":{"start":{"line":91,"column":4},"end":{"line":91,"column":29}},"52":{"start":{"line":94,"column":2},"end":{"line":149,"column":4}},"53":{"start":{"line":111,"column":16},"end":{"line":111,"column":44}},"54":{"start":{"line":118,"column":14},"end":{"line":137,"column":20}},"55":{"start":{"line":121,"column":31},"end":{"line":121,"column":57}}},"fnMap":{"0":{"name":"(anonymous_0)","decl":{"start":{"line":7,"column":18},"end":{"line":7,"column":19}},"loc":{"start":{"line":7,"column":24},"end":{"line":150,"column":1}},"line":7},"1":{"name":"(anonymous_1)","decl":{"start":{"line":16,"column":12},"end":{"line":16,"column":13}},"loc":{"start":{"line":16,"column":18},"end":{"line":40,"column":3}},"line":16},"2":{"name":"(anonymous_2)","decl":{"start":{"line":17,"column":31},"end":{"line":17,"column":32}},"loc":{"start":{"line":17,"column":43},"end":{"line":37,"column":5}},"line":17},"3":{"name":"(anonymous_3)","decl":{"start":{"line":23,"column":50},"end":{"line":23,"column":51}},"loc":{"start":{"line":23,"column":60},"end":{"line":28,"column":11}},"line":23},"4":{"name":"(anonymous_4)","decl":{"start":{"line":42,"column":12},"end":{"line":42,"column":13}},"loc":{"start":{"line":42,"column":18},"end":{"line":80,"column":3}},"line":42},"5":{"name":"(anonymous_5)","decl":{"start":{"line":43,"column":31},"end":{"line":43,"column":32}},"loc":{"start":{"line":43,"column":43},"end":{"line":73,"column":5}},"line":43},"6":{"name":"(anonymous_6)","decl":{"start":{"line":56,"column":50},"end":{"line":56,"column":51}},"loc":{"start":{"line":56,"column":60},"end":{"line":61,"column":11}},"line":56},"7":{"name":"(anonymous_7)","decl":{"start":{"line":75,"column":37},"end":{"line":75,"column":38}},"loc":{"start":{"line":75,"column":43},"end":{"line":77,"column":5}},"line":75},"8":{"name":"(anonymous_8)","decl":{"start":{"line":79,"column":11},"end":{"line":79,"column":12}},"loc":{"start":{"line":79,"column":17},"end":{"line":79,"column":44}},"line":79},"9":{"name":"(anonymous_9)","decl":{"start":{"line":82,"column":23},"end":{"line":82,"column":24}},"loc":{"start":{"line":82,"column":30},"end":{"line":84,"column":3}},"line":82},"10":{"name":"(anonymous_10)","decl":{"start":{"line":86,"column":27},"end":{"line":86,"column":28}},"loc":{"start":{"line":86,"column":40},"end":{"line":88,"column":3}},"line":86},"11":{"name":"(anonymous_11)","decl":{"start":{"line":90,"column":27},"end":{"line":90,"column":28}},"loc":{"start":{"line":90,"column":33},"end":{"line":92,"column":3}},"line":90},"12":{"name":"(anonymous_12)","decl":{"start":{"line":110,"column":33},"end":{"line":110,"column":34}},"loc":{"start":{"line":111,"column":16},"end":{"line":111,"column":44}},"line":111},"13":{"name":"(anonymous_13)","decl":{"start":{"line":117,"column":23},"end":{"line":117,"column":24}},"loc":{"start":{"line":118,"column":14},"end":{"line":137,"column":20}},"line":118},"14":{"name":"(anonymous_14)","decl":{"start":{"line":121,"column":25},"end":{"line":121,"column":26}},"loc":{"start":{"line":121,"column":31},"end":{"line":121,"column":57}},"line":121}},"branchMap":{"0":{"loc":{"start":{"line":22,"column":8},"end":{"line":31,"column":9}},"type":"if","locations":[{"start":{"line":22,"column":8},"end":{"line":31,"column":9}},{"start":{},"end":{}}],"line":22},"1":{"loc":{"start":{"line":45,"column":6},"end":{"line":50,"column":7}},"type":"if","locations":[{"start":{"line":45,"column":6},"end":{"line":50,"column":7}},{"start":{},"end":{}}],"line":45},"2":{"loc":{"start":{"line":55,"column":8},"end":{"line":65,"column":9}},"type":"if","locations":[{"start":{"line":55,"column":8},"end":{"line":65,"column":9}},{"start":{"line":63,"column":15},"end":{"line":65,"column":9}}],"line":55},"3":{"loc":{"start":{"line":108,"column":11},"end":{"line":139,"column":11}},"type":"cond-expr","locations":[{"start":{"line":109,"column":12},"end":{"line":113,"column":18}},{"start":{"line":114,"column":14},"end":{"line":139,"column":11}}],"line":108},"4":{"loc":{"start":{"line":108,"column":11},"end":{"line":108,"column":35}},"type":"binary-expr","locations":[{"start":{"line":108,"column":11},"end":{"line":108,"column":22}},{"start":{"line":108,"column":26},"end":{"line":108,"column":35}}],"line":108},"5":{"loc":{"start":{"line":114,"column":14},"end":{"line":139,"column":11}},"type":"cond-expr","locations":[{"start":{"line":115,"column":12},"end":{"line":115,"column":62}},{"start":{"line":117,"column":12},"end":{"line":138,"column":14}}],"line":114},"6":{"loc":{"start":{"line":114,"column":14},"end":{"line":114,"column":47}},"type":"binary-expr","locations":[{"start":{"line":114,"column":14},"end":{"line":114,"column":33}},{"start":{"line":114,"column":37},"end":{"line":114,"column":47}}],"line":114},"7":{"loc":{"start":{"line":142,"column":7},"end":{"line":147,"column":7}},"type":"binary-expr","locations":[{"start":{"line":142,"column":7},"end":{"line":142,"column":22}},{"start":{"line":143,"column":8},"end":{"line":146,"column":10}}],"line":142}},"s":{"0":1,"1":2,"2":1,"3":1,"4":1,"5":1,"6":1,"7":1,"8":1,"9":1,"10":1,"11":1,"12":1,"13":1,"14":0,"15":0,"16":0,"17":0,"18":0,"19":1,"20":1,"21":1,"22":1,"23":1,"24":0,"25":0,"26":0,"27":0,"28":0,"29":0,"30":0,"31":0,"32":0,"33":0,"34":0,"35":0,"36":0,"37":0,"38":0,"39":0,"40":0,"41":0,"42":1,"43":0,"44":1,"45":1,"46":1,"47":0,"48":1,"49":0,"50":1,"51":0,"52":1,"53":5,"54":0,"55":0},"f":{"0":2,"1":1,"2":1,"3":0,"4":1,"5":0,"6":0,"7":0,"8":1,"9":0,"10":0,"11":0,"12":5,"13":0,"14":0},"b":{"0":[0,0],"1":[0,0],"2":[0,0],"3":[1,0],"4":[1,1],"5":[0,0],"6":[0,0],"7":[1,0]},"_coverageSchema":"1a1c01bbd47fc00a2c39e90264f33305004495a9","hash":"01398efcdfc07b9b3e1ac81e6463e0065f9444bc"}
,"/Users/tomyromero/myOffice/training/project2/main/Project2_OMDb_API_Movies_CMS_Group1/iMovies/frontend/src/pages/Feed/Feed.jsx": {"path":"/Users/tomyromero/myOffice/training/project2/main/Project2_OMDb_API_Movies_CMS_Group1/iMovies/frontend/src/pages/Feed/Feed.jsx","statementMap":{"0":{"start":{"line":10,"column":13},"end":{"line":153,"column":1}},"1":{"start":{"line":11,"column":38},"end":{"line":11,"column":50}},"2":{"start":{"line":12,"column":32},"end":{"line":12,"column":46}},"3":{"start":{"line":13,"column":28},"end":{"line":13,"column":43}},"4":{"start":{"line":14,"column":48},"end":{"line":14,"column":62}},"5":{"start":{"line":15,"column":40},"end":{"line":15,"column":55}},"6":{"start":{"line":16,"column":36},"end":{"line":16,"column":48}},"7":{"start":{"line":17,"column":40},"end":{"line":17,"column":55}},"8":{"start":{"line":19,"column":25},"end":{"line":19,"column":71}},"9":{"start":{"line":19,"column":31},"end":{"line":19,"column":71}},"10":{"start":{"line":21,"column":2},"end":{"line":44,"column":9}},"11":{"start":{"line":22,"column":21},"end":{"line":31,"column":5}},"12":{"start":{"line":23,"column":6},"end":{"line":30,"column":7}},"13":{"start":{"line":25,"column":8},"end":{"line":25,"column":67}},"14":{"start":{"line":26,"column":8},"end":{"line":26,"column":34}},"15":{"start":{"line":28,"column":8},"end":{"line":28,"column":47}},"16":{"start":{"line":29,"column":8},"end":{"line":29,"column":23}},"17":{"start":{"line":33,"column":4},"end":{"line":33,"column":15}},"18":{"start":{"line":35,"column":30},"end":{"line":37,"column":5}},"19":{"start":{"line":36,"column":6},"end":{"line":36,"column":17}},"20":{"start":{"line":39,"column":4},"end":{"line":39,"column":63}},"21":{"start":{"line":41,"column":4},"end":{"line":43,"column":6}},"22":{"start":{"line":42,"column":6},"end":{"line":42,"column":68}},"23":{"start":{"line":46,"column":20},"end":{"line":49,"column":3}},"24":{"start":{"line":47,"column":4},"end":{"line":47,"column":32}},"25":{"start":{"line":48,"column":4},"end":{"line":48,"column":25}},"26":{"start":{"line":51,"column":21},"end":{"line":54,"column":3}},"27":{"start":{"line":52,"column":4},"end":{"line":52,"column":26}},"28":{"start":{"line":53,"column":4},"end":{"line":53,"column":29}},"29":{"start":{"line":56,"column":28},"end":{"line":59,"column":3}},"30":{"start":{"line":57,"column":26},"end":{"line":57,"column":59}},"31":{"start":{"line":58,"column":4},"end":{"line":58,"column":32}},"32":{"start":{"line":61,"column":2},"end":{"line":70,"column":3}},"33":{"start":{"line":62,"column":4},"end":{"line":69,"column":6}},"34":{"start":{"line":72,"column":2},"end":{"line":84,"column":3}},"35":{"start":{"line":73,"column":4},"end":{"line":83,"column":6}},"36":{"start":{"line":86,"column":2},"end":{"line":152,"column":4}},"37":{"start":{"line":95,"column":14},"end":{"line":103,"column":20}},"38":{"start":{"line":116,"column":12},"end":{"line":140,"column":18}},"39":{"start":{"line":129,"column":20},"end":{"line":136,"column":22}}},"fnMap":{"0":{"name":"(anonymous_0)","decl":{"start":{"line":10,"column":13},"end":{"line":10,"column":14}},"loc":{"start":{"line":10,"column":19},"end":{"line":153,"column":1}},"line":10},"1":{"name":"(anonymous_1)","decl":{"start":{"line":19,"column":25},"end":{"line":19,"column":26}},"loc":{"start":{"line":19,"column":31},"end":{"line":19,"column":71}},"line":19},"2":{"name":"(anonymous_2)","decl":{"start":{"line":21,"column":12},"end":{"line":21,"column":13}},"loc":{"start":{"line":21,"column":18},"end":{"line":44,"column":3}},"line":21},"3":{"name":"(anonymous_3)","decl":{"start":{"line":22,"column":21},"end":{"line":22,"column":22}},"loc":{"start":{"line":22,"column":33},"end":{"line":31,"column":5}},"line":22},"4":{"name":"(anonymous_4)","decl":{"start":{"line":35,"column":30},"end":{"line":35,"column":31}},"loc":{"start":{"line":35,"column":36},"end":{"line":37,"column":5}},"line":35},"5":{"name":"(anonymous_5)","decl":{"start":{"line":41,"column":11},"end":{"line":41,"column":12}},"loc":{"start":{"line":41,"column":17},"end":{"line":43,"column":5}},"line":41},"6":{"name":"(anonymous_6)","decl":{"start":{"line":46,"column":20},"end":{"line":46,"column":21}},"loc":{"start":{"line":46,"column":33},"end":{"line":49,"column":3}},"line":46},"7":{"name":"(anonymous_7)","decl":{"start":{"line":51,"column":21},"end":{"line":51,"column":22}},"loc":{"start":{"line":51,"column":27},"end":{"line":54,"column":3}},"line":51},"8":{"name":"(anonymous_8)","decl":{"start":{"line":56,"column":28},"end":{"line":56,"column":29}},"loc":{"start":{"line":56,"column":40},"end":{"line":59,"column":3}},"line":56},"9":{"name":"(anonymous_9)","decl":{"start":{"line":94,"column":27},"end":{"line":94,"column":28}},"loc":{"start":{"line":95,"column":14},"end":{"line":103,"column":20}},"line":95},"10":{"name":"(anonymous_10)","decl":{"start":{"line":115,"column":25},"end":{"line":115,"column":26}},"loc":{"start":{"line":116,"column":12},"end":{"line":140,"column":18}},"line":116},"11":{"name":"(anonymous_11)","decl":{"start":{"line":128,"column":42},"end":{"line":128,"column":43}},"loc":{"start":{"line":129,"column":20},"end":{"line":136,"column":22}},"line":129}},"branchMap":{"0":{"loc":{"start":{"line":61,"column":2},"end":{"line":70,"column":3}},"type":"if","locations":[{"start":{"line":61,"column":2},"end":{"line":70,"column":3}},{"start":{},"end":{}}],"line":61},"1":{"loc":{"start":{"line":72,"column":2},"end":{"line":84,"column":3}},"type":"if","locations":[{"start":{"line":72,"column":2},"end":{"line":84,"column":3}},{"start":{},"end":{}}],"line":72},"2":{"loc":{"start":{"line":101,"column":79},"end":{"line":101,"column":139}},"type":"cond-expr","locations":[{"start":{"line":101,"column":101},"end":{"line":101,"column":131}},{"start":{"line":101,"column":134},"end":{"line":101,"column":139}}],"line":101},"3":{"loc":{"start":{"line":110,"column":9},"end":{"line":142,"column":9}},"type":"cond-expr","locations":[{"start":{"line":111,"column":10},"end":{"line":113,"column":16}},{"start":{"line":115,"column":10},"end":{"line":141,"column":12}}],"line":110},"4":{"loc":{"start":{"line":123,"column":17},"end":{"line":138,"column":17}},"type":"cond-expr","locations":[{"start":{"line":124,"column":18},"end":{"line":126,"column":24}},{"start":{"line":128,"column":18},"end":{"line":137,"column":20}}],"line":123},"5":{"loc":{"start":{"line":144,"column":9},"end":{"line":149,"column":9}},"type":"binary-expr","locations":[{"start":{"line":144,"column":9},"end":{"line":144,"column":20}},{"start":{"line":144,"column":24},"end":{"line":144,"column":39}},{"start":{"line":145,"column":10},"end":{"line":148,"column":12}}],"line":144}},"s":{"0":1,"1":2,"2":1,"3":1,"4":1,"5":1,"6":1,"7":1,"8":1,"9":0,"10":1,"11":1,"12":1,"13":1,"14":1,"15":0,"16":0,"17":1,"18":1,"19":0,"20":1,"21":1,"22":1,"23":1,"24":0,"25":0,"26":1,"27":0,"28":0,"29":1,"30":1,"31":1,"32":1,"33":1,"34":0,"35":0,"36":0,"37":0,"38":0,"39":0},"f":{"0":2,"1":0,"2":1,"3":1,"4":0,"5":1,"6":0,"7":0,"8":1,"9":0,"10":0,"11":0},"b":{"0":[1,0],"1":[0,0],"2":[0,0],"3":[0,0],"4":[0,0],"5":[0,0,0]},"_coverageSchema":"1a1c01bbd47fc00a2c39e90264f33305004495a9","hash":"cda521056c3c7241d56fdf9e6bd1d9f22f09923b"}
,"/Users/tomyromero/myOffice/training/project2/main/Project2_OMDb_API_Movies_CMS_Group1/iMovies/frontend/src/pages/Following/Following.jsx": {"path":"/Users/tomyromero/myOffice/training/project2/main/Project2_OMDb_API_Movies_CMS_Group1/iMovies/frontend/src/pages/Following/Following.jsx","statementMap":{"0":{"start":{"line":10,"column":18},"end":{"line":136,"column":1}},"1":{"start":{"line":11,"column":46},"end":{"line":11,"column":58}},"2":{"start":{"line":12,"column":32},"end":{"line":12,"column":46}},"3":{"start":{"line":13,"column":28},"end":{"line":13,"column":43}},"4":{"start":{"line":14,"column":48},"end":{"line":14,"column":62}},"5":{"start":{"line":15,"column":40},"end":{"line":15,"column":55}},"6":{"start":{"line":16,"column":40},"end":{"line":16,"column":55}},"7":{"start":{"line":18,"column":25},"end":{"line":18,"column":71}},"8":{"start":{"line":18,"column":31},"end":{"line":18,"column":71}},"9":{"start":{"line":20,"column":2},"end":{"line":47,"column":20}},"10":{"start":{"line":21,"column":21},"end":{"line":34,"column":5}},"11":{"start":{"line":22,"column":6},"end":{"line":33,"column":7}},"12":{"start":{"line":23,"column":28},"end":{"line":23,"column":44}},"13":{"start":{"line":24,"column":8},"end":{"line":24,"column":63}},"14":{"start":{"line":24,"column":26},"end":{"line":24,"column":63}},"15":{"start":{"line":26,"column":26},"end":{"line":26,"column":71}},"16":{"start":{"line":27,"column":8},"end":{"line":27,"column":37}},"17":{"start":{"line":29,"column":8},"end":{"line":29,"column":50}},"18":{"start":{"line":30,"column":8},"end":{"line":30,"column":23}},"19":{"start":{"line":32,"column":8},"end":{"line":32,"column":26}},"20":{"start":{"line":36,"column":4},"end":{"line":36,"column":15}},"21":{"start":{"line":38,"column":30},"end":{"line":40,"column":5}},"22":{"start":{"line":39,"column":6},"end":{"line":39,"column":17}},"23":{"start":{"line":42,"column":4},"end":{"line":42,"column":63}},"24":{"start":{"line":44,"column":4},"end":{"line":46,"column":6}},"25":{"start":{"line":45,"column":6},"end":{"line":45,"column":68}},"26":{"start":{"line":49,"column":20},"end":{"line":52,"column":3}},"27":{"start":{"line":50,"column":4},"end":{"line":50,"column":32}},"28":{"start":{"line":51,"column":4},"end":{"line":51,"column":25}},"29":{"start":{"line":54,"column":21},"end":{"line":57,"column":3}},"30":{"start":{"line":55,"column":4},"end":{"line":55,"column":26}},"31":{"start":{"line":56,"column":4},"end":{"line":56,"column":29}},"32":{"start":{"line":59,"column":2},"end":{"line":68,"column":3}},"33":{"start":{"line":60,"column":4},"end":{"line":67,"column":6}},"34":{"start":{"line":70,"column":2},"end":{"line":82,"column":3}},"35":{"start":{"line":71,"column":4},"end":{"line":81,"column":6}},"36":{"start":{"line":84,"column":2},"end":{"line":135,"column":4}},"37":{"start":{"line":98,"column":14},"end":{"line":122,"column":20}},"38":{"start":{"line":111,"column":22},"end":{"line":118,"column":24}}},"fnMap":{"0":{"name":"(anonymous_0)","decl":{"start":{"line":10,"column":18},"end":{"line":10,"column":19}},"loc":{"start":{"line":10,"column":24},"end":{"line":136,"column":1}},"line":10},"1":{"name":"(anonymous_1)","decl":{"start":{"line":18,"column":25},"end":{"line":18,"column":26}},"loc":{"start":{"line":18,"column":31},"end":{"line":18,"column":71}},"line":18},"2":{"name":"(anonymous_2)","decl":{"start":{"line":20,"column":12},"end":{"line":20,"column":13}},"loc":{"start":{"line":20,"column":18},"end":{"line":47,"column":3}},"line":20},"3":{"name":"(anonymous_3)","decl":{"start":{"line":21,"column":21},"end":{"line":21,"column":22}},"loc":{"start":{"line":21,"column":33},"end":{"line":34,"column":5}},"line":21},"4":{"name":"(anonymous_4)","decl":{"start":{"line":38,"column":30},"end":{"line":38,"column":31}},"loc":{"start":{"line":38,"column":36},"end":{"line":40,"column":5}},"line":38},"5":{"name":"(anonymous_5)","decl":{"start":{"line":44,"column":11},"end":{"line":44,"column":12}},"loc":{"start":{"line":44,"column":17},"end":{"line":46,"column":5}},"line":44},"6":{"name":"(anonymous_6)","decl":{"start":{"line":49,"column":20},"end":{"line":49,"column":21}},"loc":{"start":{"line":49,"column":33},"end":{"line":52,"column":3}},"line":49},"7":{"name":"(anonymous_7)","decl":{"start":{"line":54,"column":21},"end":{"line":54,"column":22}},"loc":{"start":{"line":54,"column":27},"end":{"line":57,"column":3}},"line":54},"8":{"name":"(anonymous_8)","decl":{"start":{"line":97,"column":32},"end":{"line":97,"column":33}},"loc":{"start":{"line":98,"column":14},"end":{"line":122,"column":20}},"line":98},"9":{"name":"(anonymous_9)","decl":{"start":{"line":110,"column":40},"end":{"line":110,"column":41}},"loc":{"start":{"line":111,"column":22},"end":{"line":118,"column":24}},"line":111}},"branchMap":{"0":{"loc":{"start":{"line":24,"column":8},"end":{"line":24,"column":63}},"type":"if","locations":[{"start":{"line":24,"column":8},"end":{"line":24,"column":63}},{"start":{},"end":{}}],"line":24},"1":{"loc":{"start":{"line":59,"column":2},"end":{"line":68,"column":3}},"type":"if","locations":[{"start":{"line":59,"column":2},"end":{"line":68,"column":3}},{"start":{},"end":{}}],"line":59},"2":{"loc":{"start":{"line":70,"column":2},"end":{"line":82,"column":3}},"type":"if","locations":[{"start":{"line":70,"column":2},"end":{"line":82,"column":3}},{"start":{},"end":{}}],"line":70},"3":{"loc":{"start":{"line":90,"column":9},"end":{"line":125,"column":9}},"type":"cond-expr","locations":[{"start":{"line":91,"column":10},"end":{"line":93,"column":16}},{"start":{"line":95,"column":10},"end":{"line":124,"column":16}}],"line":90},"4":{"loc":{"start":{"line":105,"column":19},"end":{"line":120,"column":19}},"type":"cond-expr","locations":[{"start":{"line":106,"column":20},"end":{"line":108,"column":26}},{"start":{"line":110,"column":20},"end":{"line":119,"column":22}}],"line":105},"5":{"loc":{"start":{"line":127,"column":9},"end":{"line":132,"column":9}},"type":"binary-expr","locations":[{"start":{"line":127,"column":9},"end":{"line":127,"column":20}},{"start":{"line":127,"column":24},"end":{"line":127,"column":39}},{"start":{"line":128,"column":10},"end":{"line":131,"column":12}}],"line":127}},"s":{"0":1,"1":2,"2":2,"3":2,"4":2,"5":2,"6":2,"7":2,"8":1,"9":2,"10":1,"11":1,"12":1,"13":1,"14":1,"15":0,"16":0,"17":1,"18":1,"19":1,"20":1,"21":1,"22":0,"23":1,"24":1,"25":1,"26":2,"27":0,"28":0,"29":2,"30":0,"31":0,"32":2,"33":1,"34":1,"35":1,"36":0,"37":0,"38":0},"f":{"0":2,"1":1,"2":1,"3":1,"4":0,"5":1,"6":0,"7":0,"8":0,"9":0},"b":{"0":[1,0],"1":[1,1],"2":[1,0],"3":[0,0],"4":[0,0],"5":[0,0,0]},"_coverageSchema":"1a1c01bbd47fc00a2c39e90264f33305004495a9","hash":"41d6782ad1e62938a346547e29c635b0e786ac27"}
,"/Users/tomyromero/myOffice/training/project2/main/Project2_OMDb_API_Movies_CMS_Group1/iMovies/frontend/src/pages/Home/Home.jsx": {"path":"/Users/tomyromero/myOffice/training/project2/main/Project2_OMDb_API_Movies_CMS_Group1/iMovies/frontend/src/pages/Home/Home.jsx","statementMap":{"0":{"start":{"line":7,"column":13},"end":{"line":43,"column":1}},"1":{"start":{"line":10,"column":16},"end":{"line":10,"column":45}},"2":{"start":{"line":13,"column":2},"end":{"line":15,"column":3}},"3":{"start":{"line":14,"column":4},"end":{"line":14,"column":35}},"4":{"start":{"line":17,"column":2},"end":{"line":42,"column":4}}},"fnMap":{"0":{"name":"(anonymous_0)","decl":{"start":{"line":7,"column":13},"end":{"line":7,"column":14}},"loc":{"start":{"line":7,"column":19},"end":{"line":43,"column":1}},"line":7}},"branchMap":{"0":{"loc":{"start":{"line":13,"column":2},"end":{"line":15,"column":3}},"type":"if","locations":[{"start":{"line":13,"column":2},"end":{"line":15,"column":3}},{"start":{},"end":{}}],"line":13},"1":{"loc":{"start":{"line":13,"column":6},"end":{"line":13,"column":37}},"type":"binary-expr","locations":[{"start":{"line":13,"column":6},"end":{"line":13,"column":11}},{"start":{"line":13,"column":15},"end":{"line":13,"column":37}}],"line":13}},"s":{"0":1,"1":2,"2":2,"3":1,"4":1},"f":{"0":2},"b":{"0":[1,1],"1":[2,1]},"_coverageSchema":"1a1c01bbd47fc00a2c39e90264f33305004495a9","hash":"407532d3d2f8347e265b029f9a6a0fdd1ed72bad"}
,"/Users/tomyromero/myOffice/training/project2/main/Project2_OMDb_API_Movies_CMS_Group1/iMovies/frontend/src/pages/Login/Login.jsx": {"path":"/Users/tomyromero/myOffice/training/project2/main/Project2_OMDb_API_Movies_CMS_Group1/iMovies/frontend/src/pages/Login/Login.jsx","statementMap":{"0":{"start":{"line":5,"column":14},"end":{"line":144,"column":1}},"1":{"start":{"line":8,"column":21},"end":{"line":8,"column":34}},"2":{"start":{"line":9,"column":36},"end":{"line":12,"column":6}},"3":{"start":{"line":14,"column":32},"end":{"line":14,"column":44}},"4":{"start":{"line":15,"column":34},"end":{"line":15,"column":46}},"5":{"start":{"line":16,"column":42},"end":{"line":16,"column":54}},"6":{"start":{"line":18,"column":25},"end":{"line":20,"column":5}},"7":{"start":{"line":19,"column":8},"end":{"line":19,"column":70}},"8":{"start":{"line":22,"column":25},"end":{"line":38,"column":5}},"9":{"start":{"line":23,"column":25},"end":{"line":23,"column":27}},"10":{"start":{"line":24,"column":20},"end":{"line":24,"column":24}},"11":{"start":{"line":26,"column":8},"end":{"line":29,"column":9}},"12":{"start":{"line":27,"column":12},"end":{"line":27,"column":54}},"13":{"start":{"line":28,"column":12},"end":{"line":28,"column":26}},"14":{"start":{"line":31,"column":8},"end":{"line":34,"column":9}},"15":{"start":{"line":32,"column":12},"end":{"line":32,"column":53}},"16":{"start":{"line":33,"column":12},"end":{"line":33,"column":26}},"17":{"start":{"line":36,"column":8},"end":{"line":36,"column":30}},"18":{"start":{"line":37,"column":8},"end":{"line":37,"column":21}},"19":{"start":{"line":40,"column":25},"end":{"line":84,"column":5}},"20":{"start":{"line":41,"column":8},"end":{"line":41,"column":27}},"21":{"start":{"line":43,"column":8},"end":{"line":83,"column":9}},"22":{"start":{"line":44,"column":12},"end":{"line":82,"column":13}},"23":{"start":{"line":45,"column":33},"end":{"line":54,"column":18}},"24":{"start":{"line":56,"column":16},"end":{"line":78,"column":17}},"25":{"start":{"line":57,"column":33},"end":{"line":57,"column":54}},"26":{"start":{"line":58,"column":33},"end":{"line":58,"column":37}},"27":{"start":{"line":61,"column":20},"end":{"line":61,"column":62}},"28":{"start":{"line":62,"column":20},"end":{"line":62,"column":72}},"29":{"start":{"line":65,"column":20},"end":{"line":65,"column":74}},"30":{"start":{"line":67,"column":20},"end":{"line":67,"column":52}},"31":{"start":{"line":68,"column":20},"end":{"line":68,"column":46}},"32":{"start":{"line":70,"column":20},"end":{"line":73,"column":29}},"33":{"start":{"line":71,"column":24},"end":{"line":71,"column":42}},"34":{"start":{"line":75,"column":38},"end":{"line":75,"column":59}},"35":{"start":{"line":76,"column":20},"end":{"line":76,"column":68}},"36":{"start":{"line":77,"column":20},"end":{"line":77,"column":44}},"37":{"start":{"line":80,"column":16},"end":{"line":80,"column":54}},"38":{"start":{"line":81,"column":16},"end":{"line":81,"column":40}},"39":{"start":{"line":86,"column":4},"end":{"line":143,"column":5}}},"fnMap":{"0":{"name":"(anonymous_0)","decl":{"start":{"line":5,"column":14},"end":{"line":5,"column":15}},"loc":{"start":{"line":6,"column":4},"end":{"line":144,"column":1}},"line":6},"1":{"name":"(anonymous_1)","decl":{"start":{"line":18,"column":25},"end":{"line":18,"column":26}},"loc":{"start":{"line":18,"column":32},"end":{"line":20,"column":5}},"line":18},"2":{"name":"(anonymous_2)","decl":{"start":{"line":22,"column":25},"end":{"line":22,"column":26}},"loc":{"start":{"line":22,"column":31},"end":{"line":38,"column":5}},"line":22},"3":{"name":"(anonymous_3)","decl":{"start":{"line":40,"column":25},"end":{"line":40,"column":26}},"loc":{"start":{"line":40,"column":38},"end":{"line":84,"column":5}},"line":40},"4":{"name":"(anonymous_4)","decl":{"start":{"line":70,"column":31},"end":{"line":70,"column":32}},"loc":{"start":{"line":70,"column":37},"end":{"line":73,"column":21}},"line":70}},"branchMap":{"0":{"loc":{"start":{"line":26,"column":8},"end":{"line":29,"column":9}},"type":"if","locations":[{"start":{"line":26,"column":8},"end":{"line":29,"column":9}},{"start":{},"end":{}}],"line":26},"1":{"loc":{"start":{"line":31,"column":8},"end":{"line":34,"column":9}},"type":"if","locations":[{"start":{"line":31,"column":8},"end":{"line":34,"column":9}},{"start":{},"end":{}}],"line":31},"2":{"loc":{"start":{"line":43,"column":8},"end":{"line":83,"column":9}},"type":"if","locations":[{"start":{"line":43,"column":8},"end":{"line":83,"column":9}},{"start":{},"end":{}}],"line":43},"3":{"loc":{"start":{"line":56,"column":16},"end":{"line":78,"column":17}},"type":"if","locations":[{"start":{"line":56,"column":16},"end":{"line":78,"column":17}},{"start":{"line":74,"column":23},"end":{"line":78,"column":17}}],"line":56},"4":{"loc":{"start":{"line":76,"column":31},"end":{"line":76,"column":66}},"type":"binary-expr","locations":[{"start":{"line":76,"column":31},"end":{"line":76,"column":48}},{"start":{"line":76,"column":52},"end":{"line":76,"column":66}}],"line":76},"5":{"loc":{"start":{"line":106,"column":33},"end":{"line":106,"column":94}},"type":"binary-expr","locations":[{"start":{"line":106,"column":33},"end":{"line":106,"column":45}},{"start":{"line":106,"column":49},"end":{"line":106,"column":94}}],"line":106},"6":{"loc":{"start":{"line":118,"column":33},"end":{"line":118,"column":92}},"type":"binary-expr","locations":[{"start":{"line":118,"column":33},"end":{"line":118,"column":44}},{"start":{"line":118,"column":48},"end":{"line":118,"column":92}}],"line":118},"7":{"loc":{"start":{"line":129,"column":29},"end":{"line":129,"column":97}},"type":"binary-expr","locations":[{"start":{"line":129,"column":29},"end":{"line":129,"column":36}},{"start":{"line":129,"column":40},"end":{"line":129,"column":97}}],"line":129}},"s":{"0":1,"1":1,"2":1,"3":1,"4":1,"5":1,"6":1,"7":0,"8":1,"9":0,"10":0,"11":0,"12":0,"13":0,"14":0,"15":0,"16":0,"17":0,"18":0,"19":1,"20":0,"21":0,"22":0,"23":0,"24":0,"25":0,"26":0,"27":0,"28":0,"29":0,"30":0,"31":0,"32":0,"33":0,"34":0,"35":0,"36":0,"37":0,"38":0,"39":1},"f":{"0":1,"1":0,"2":0,"3":0,"4":0},"b":{"0":[0,0],"1":[0,0],"2":[0,0],"3":[0,0],"4":[0,0],"5":[1,0],"6":[1,0],"7":[1,0]},"_coverageSchema":"1a1c01bbd47fc00a2c39e90264f33305004495a9","hash":"1e4590ee95160cd5fcb4a1dbe8f87354ccecc548"}
,"/Users/tomyromero/myOffice/training/project2/main/Project2_OMDb_API_Movies_CMS_Group1/iMovies/frontend/src/pages/Signup/SignUp.jsx": {"path":"/Users/tomyromero/myOffice/training/project2/main/Project2_OMDb_API_Movies_CMS_Group1/iMovies/frontend/src/pages/Signup/SignUp.jsx","statementMap":{"0":{"start":{"line":5,"column":15},"end":{"line":198,"column":1}},"1":{"start":{"line":6,"column":21},"end":{"line":6,"column":34}},"2":{"start":{"line":7,"column":36},"end":{"line":13,"column":6}},"3":{"start":{"line":14,"column":32},"end":{"line":14,"column":44}},"4":{"start":{"line":15,"column":34},"end":{"line":15,"column":46}},"5":{"start":{"line":16,"column":42},"end":{"line":16,"column":54}},"6":{"start":{"line":18,"column":34},"end":{"line":20,"column":5}},"7":{"start":{"line":19,"column":8},"end":{"line":19,"column":78}},"8":{"start":{"line":22,"column":25},"end":{"line":24,"column":5}},"9":{"start":{"line":23,"column":8},"end":{"line":23,"column":70}},"10":{"start":{"line":26,"column":25},"end":{"line":61,"column":5}},"11":{"start":{"line":27,"column":25},"end":{"line":27,"column":27}},"12":{"start":{"line":28,"column":20},"end":{"line":28,"column":24}},"13":{"start":{"line":31,"column":8},"end":{"line":34,"column":9}},"14":{"start":{"line":32,"column":12},"end":{"line":32,"column":56}},"15":{"start":{"line":33,"column":12},"end":{"line":33,"column":26}},"16":{"start":{"line":36,"column":8},"end":{"line":39,"column":9}},"17":{"start":{"line":37,"column":12},"end":{"line":37,"column":55}},"18":{"start":{"line":38,"column":12},"end":{"line":38,"column":26}},"19":{"start":{"line":41,"column":8},"end":{"line":44,"column":9}},"20":{"start":{"line":42,"column":12},"end":{"line":42,"column":54}},"21":{"start":{"line":43,"column":12},"end":{"line":43,"column":26}},"22":{"start":{"line":46,"column":8},"end":{"line":52,"column":9}},"23":{"start":{"line":47,"column":12},"end":{"line":47,"column":53}},"24":{"start":{"line":48,"column":12},"end":{"line":48,"column":26}},"25":{"start":{"line":49,"column":15},"end":{"line":52,"column":9}},"26":{"start":{"line":50,"column":12},"end":{"line":50,"column":71}},"27":{"start":{"line":51,"column":12},"end":{"line":51,"column":26}},"28":{"start":{"line":54,"column":8},"end":{"line":57,"column":9}},"29":{"start":{"line":55,"column":12},"end":{"line":55,"column":62}},"30":{"start":{"line":56,"column":12},"end":{"line":56,"column":26}},"31":{"start":{"line":59,"column":8},"end":{"line":59,"column":30}},"32":{"start":{"line":60,"column":8},"end":{"line":60,"column":21}},"33":{"start":{"line":63,"column":25},"end":{"line":102,"column":5}},"34":{"start":{"line":64,"column":8},"end":{"line":64,"column":27}},"35":{"start":{"line":66,"column":8},"end":{"line":101,"column":9}},"36":{"start":{"line":67,"column":12},"end":{"line":100,"column":13}},"37":{"start":{"line":69,"column":41},"end":{"line":69,"column":78}},"38":{"start":{"line":70,"column":41},"end":{"line":70,"column":78}},"39":{"start":{"line":72,"column":33},"end":{"line":83,"column":18}},"40":{"start":{"line":85,"column":16},"end":{"line":96,"column":17}},"41":{"start":{"line":86,"column":20},"end":{"line":86,"column":59}},"42":{"start":{"line":87,"column":20},"end":{"line":87,"column":46}},"43":{"start":{"line":89,"column":20},"end":{"line":91,"column":29}},"44":{"start":{"line":90,"column":24},"end":{"line":90,"column":43}},"45":{"start":{"line":93,"column":38},"end":{"line":93,"column":59}},"46":{"start":{"line":94,"column":20},"end":{"line":94,"column":75}},"47":{"start":{"line":95,"column":20},"end":{"line":95,"column":44}},"48":{"start":{"line":98,"column":16},"end":{"line":98,"column":54}},"49":{"start":{"line":99,"column":16},"end":{"line":99,"column":40}},"50":{"start":{"line":104,"column":4},"end":{"line":197,"column":6}}},"fnMap":{"0":{"name":"(anonymous_0)","decl":{"start":{"line":5,"column":15},"end":{"line":5,"column":16}},"loc":{"start":{"line":5,"column":21},"end":{"line":198,"column":1}},"line":5},"1":{"name":"(anonymous_1)","decl":{"start":{"line":18,"column":34},"end":{"line":18,"column":35}},"loc":{"start":{"line":18,"column":46},"end":{"line":20,"column":5}},"line":18},"2":{"name":"(anonymous_2)","decl":{"start":{"line":22,"column":25},"end":{"line":22,"column":26}},"loc":{"start":{"line":22,"column":32},"end":{"line":24,"column":5}},"line":22},"3":{"name":"(anonymous_3)","decl":{"start":{"line":26,"column":25},"end":{"line":26,"column":26}},"loc":{"start":{"line":26,"column":31},"end":{"line":61,"column":5}},"line":26},"4":{"name":"(anonymous_4)","decl":{"start":{"line":63,"column":25},"end":{"line":63,"column":26}},"loc":{"start":{"line":63,"column":38},"end":{"line":102,"column":5}},"line":63},"5":{"name":"(anonymous_5)","decl":{"start":{"line":89,"column":31},"end":{"line":89,"column":32}},"loc":{"start":{"line":89,"column":37},"end":{"line":91,"column":21}},"line":89}},"branchMap":{"0":{"loc":{"start":{"line":31,"column":8},"end":{"line":34,"column":9}},"type":"if","locations":[{"start":{"line":31,"column":8},"end":{"line":34,"column":9}},{"start":{},"end":{}}],"line":31},"1":{"loc":{"start":{"line":36,"column":8},"end":{"line":39,"column":9}},"type":"if","locations":[{"start":{"line":36,"column":8},"end":{"line":39,"column":9}},{"start":{},"end":{}}],"line":36},"2":{"loc":{"start":{"line":41,"column":8},"end":{"line":44,"column":9}},"type":"if","locations":[{"start":{"line":41,"column":8},"end":{"line":44,"column":9}},{"start":{},"end":{}}],"line":41},"3":{"loc":{"start":{"line":46,"column":8},"end":{"line":52,"column":9}},"type":"if","locations":[{"start":{"line":46,"column":8},"end":{"line":52,"column":9}},{"start":{"line":49,"column":15},"end":{"line":52,"column":9}}],"line":46},"4":{"loc":{"start":{"line":49,"column":15},"end":{"line":52,"column":9}},"type":"if","locations":[{"start":{"line":49,"column":15},"end":{"line":52,"column":9}},{"start":{},"end":{}}],"line":49},"5":{"loc":{"start":{"line":54,"column":8},"end":{"line":57,"column":9}},"type":"if","locations":[{"start":{"line":54,"column":8},"end":{"line":57,"column":9}},{"start":{},"end":{}}],"line":54},"6":{"loc":{"start":{"line":66,"column":8},"end":{"line":101,"column":9}},"type":"if","locations":[{"start":{"line":66,"column":8},"end":{"line":101,"column":9}},{"start":{},"end":{}}],"line":66},"7":{"loc":{"start":{"line":85,"column":16},"end":{"line":96,"column":17}},"type":"if","locations":[{"start":{"line":85,"column":16},"end":{"line":96,"column":17}},{"start":{"line":92,"column":23},"end":{"line":96,"column":17}}],"line":85},"8":{"loc":{"start":{"line":94,"column":31},"end":{"line":94,"column":73}},"type":"binary-expr","locations":[{"start":{"line":94,"column":31},"end":{"line":94,"column":48}},{"start":{"line":94,"column":52},"end":{"line":94,"column":73}}],"line":94},"9":{"loc":{"start":{"line":124,"column":33},"end":{"line":124,"column":94}},"type":"binary-expr","locations":[{"start":{"line":124,"column":33},"end":{"line":124,"column":45}},{"start":{"line":124,"column":49},"end":{"line":124,"column":94}}],"line":124},"10":{"loc":{"start":{"line":136,"column":33},"end":{"line":136,"column":94}},"type":"binary-expr","locations":[{"start":{"line":136,"column":33},"end":{"line":136,"column":45}},{"start":{"line":136,"column":49},"end":{"line":136,"column":94}}],"line":136},"11":{"loc":{"start":{"line":148,"column":33},"end":{"line":148,"column":94}},"type":"binary-expr","locations":[{"start":{"line":148,"column":33},"end":{"line":148,"column":45}},{"start":{"line":148,"column":49},"end":{"line":148,"column":94}}],"line":148},"12":{"loc":{"start":{"line":160,"column":33},"end":{"line":160,"column":92}},"type":"binary-expr","locations":[{"start":{"line":160,"column":33},"end":{"line":160,"column":44}},{"start":{"line":160,"column":48},"end":{"line":160,"column":92}}],"line":160},"13":{"loc":{"start":{"line":172,"column":33},"end":{"line":172,"column":106}},"type":"binary-expr","locations":[{"start":{"line":172,"column":33},"end":{"line":172,"column":51}},{"start":{"line":172,"column":55},"end":{"line":172,"column":106}}],"line":172},"14":{"loc":{"start":{"line":183,"column":29},"end":{"line":183,"column":97}},"type":"binary-expr","locations":[{"start":{"line":183,"column":29},"end":{"line":183,"column":36}},{"start":{"line":183,"column":40},"end":{"line":183,"column":97}}],"line":183}},"s":{"0":1,"1":1,"2":1,"3":1,"4":1,"5":1,"6":1,"7":0,"8":1,"9":0,"10":1,"11":0,"12":0,"13":0,"14":0,"15":0,"16":0,"17":0,"18":0,"19":0,"20":0,"21":0,"22":0,"23":0,"24":0,"25":0,"26":0,"27":0,"28":0,"29":0,"30":0,"31":0,"32":0,"33":1,"34":0,"35":0,"36":0,"37":0,"38":0,"39":0,"40":0,"41":0,"42":0,"43":0,"44":0,"45":0,"46":0,"47":0,"48":0,"49":0,"50":1},"f":{"0":1,"1":0,"2":0,"3":0,"4":0,"5":0},"b":{"0":[0,0],"1":[0,0],"2":[0,0],"3":[0,0],"4":[0,0],"5":[0,0],"6":[0,0],"7":[0,0],"8":[0,0],"9":[1,0],"10":[1,0],"11":[1,0],"12":[1,0],"13":[1,0],"14":[1,0]},"_coverageSchema":"1a1c01bbd47fc00a2c39e90264f33305004495a9","hash":"a728c6e7c7003a0ced820749be1910c70160b0f7"}
[...]
,"end":{"line":178,"column":13}},"type":"cond-expr","locations":[{"start":{"line":171,"column":14},"end":{"line":171,"column":52}},{"start":{"line":173,"column":14},"end":{"line":177,"column":19}}],"line":170},"9":{"loc":{"start":{"line":183,"column":11},"end":{"line":206,"column":11}},"type":"cond-expr","locations":[{"start":{"line":184,"column":12},"end":{"line":184,"column":48}},{"start":{"line":186,"column":12},"end":{"line":205,"column":18}}],"line":183},"10":{"loc":{"start":{"line":189,"column":28},"end":{"line":189,"column":62}},"type":"binary-expr","locations":[{"start":{"line":189,"column":28},"end":{"line":189,"column":40}},{"start":{"line":189,"column":44},"end":{"line":189,"column":62}}],"line":189},"11":{"loc":{"start":{"line":209,"column":7},"end":{"line":218,"column":7}},"type":"binary-expr","locations":[{"start":{"line":209,"column":7},"end":{"line":209,"column":16}},{"start":{"line":209,"column":20},"end":{"line":209,"column":33}},{"start":{"line":210,"column":8},"end":{"line":217,"column":10}}],"line":209},"12":{"loc":{"start":{"line":214,"column":58},"end":{"line":214,"column":109}},"type":"cond-expr","locations":[{"start":{"line":214,"column":89},"end":{"line":214,"column":101}},{"start":{"line":214,"column":104},"end":{"line":214,"column":109}}],"line":214}},"s":{"0":1,"1":3,"2":2,"3":2,"4":2,"5":2,"6":2,"7":2,"8":2,"9":2,"10":2,"11":2,"12":2,"13":2,"14":0,"15":0,"16":0,"17":0,"18":0,"19":0,"20":0,"21":0,"22":0,"23":0,"24":0,"25":0,"26":0,"27":0,"28":0,"29":0,"30":0,"31":0,"32":0,"33":0,"34":0,"35":0,"36":0,"37":0,"38":2,"39":0,"40":0,"41":0,"42":0,"43":0,"44":0,"45":0,"46":0,"47":0,"48":0,"49":0,"50":2,"51":1,"52":0,"53":0,"54":1,"55":2,"56":0,"57":0,"58":2,"59":0,"60":0,"61":2,"62":0,"63":0,"64":0,"65":0,"66":0,"67":0,"68":0,"69":0,"70":0,"71":0,"72":0,"73":2,"74":1,"75":6,"76":1,"77":0,"78":0,"79":0,"80":0,"81":0,"82":0,"83":0},"f":{"0":3,"1":0,"2":0,"3":0,"4":0,"5":1,"6":0,"7":0,"8":0,"9":0,"10":6,"11":0,"12":0,"13":0,"14":0,"15":0,"16":0},"b":{"0":[0,0],"1":[0,0],"2":[0,0],"3":[0,0],"4":[0,1],"5":[0,0],"6":[0,0],"7":[1,1],"8":[1,0],"9":[1,0],"10":[0,0],"11":[1,0,0],"12":[0,0]},"_coverageSchema":"1a1c01bbd47fc00a2c39e90264f33305004495a9","hash":"fd16157d9e50779cb38e13dd874a3d93f916bddd"}
,"/Users/tomyromero/myOffice/training/project2/main/Project2_OMDb_API_Movies_CMS_Group1/iMovies/frontend/src/utils/fetchData.js": {"path":"/Users/tomyromero/myOffice/training/project2/main/Project2_OMDb_API_Movies_CMS_Group1/iMovies/frontend/src/utils/fetchData.js","statementMap":{"0":{"start":{"line":1,"column":21},"end":{"line":1,"column":50}},"1":{"start":{"line":2,"column":21},"end":{"line":2,"column":46}},"2":{"start":{"line":5,"column":25},"end":{"line":59,"column":1}},"3":{"start":{"line":10,"column":2},"end":{"line":58,"column":3}},"4":{"start":{"line":12,"column":4},"end":{"line":12,"column":21}},"5":{"start":{"line":13,"column":24},"end":{"line":13,"column":40}},"6":{"start":{"line":15,"column":4},"end":{"line":17,"column":5}},"7":{"start":{"line":16,"column":6},"end":{"line":16,"column":43}},"8":{"start":{"line":20,"column":21},"end":{"line":20,"column":85}},"9":{"start":{"line":22,"column":4},"end":{"line":25,"column":5}},"10":{"start":{"line":24,"column":6},"end":{"line":24,"column":51}},"11":{"start":{"line":27,"column":17},"end":{"line":27,"column":38}},"12":{"start":{"line":30,"column":25},"end":{"line":30,"column":80}},"13":{"start":{"line":30,"column":45},"end":{"line":30,"column":79}},"14":{"start":{"line":33,"column":36},"end":{"line":44,"column":6}},"15":{"start":{"line":34,"column":30},"end":{"line":38,"column":26}},"16":{"start":{"line":36,"column":31},"end":{"line":36,"column":85}},"17":{"start":{"line":37,"column":8},"end":{"line":37,"column":100}},"18":{"start":{"line":40,"column":6},"end":{"line":43,"column":8}},"19":{"start":{"line":47,"column":4},"end":{"line":47,"column":88}},"20":{"start":{"line":47,"column":43},"end":{"line":47,"column":86}},"21":{"start":{"line":49,"column":4},"end":{"line":49,"column":55}},"22":{"start":{"line":52,"column":4},"end":{"line":52,"column":43}},"23":{"start":{"line":55,"column":4},"end":{"line":55,"column":57}},"24":{"start":{"line":57,"column":3},"end":{"line":57,"column":21}},"25":{"start":{"line":61,"column":35},"end":{"line":63,"column":1}},"26":{"start":{"line":62,"column":2},"end":{"line":62,"column":34}},"27":{"start":{"line":66,"column":41},"end":{"line":111,"column":1}},"28":{"start":{"line":67,"column":2},"end":{"line":110,"column":3}},"29":{"start":{"line":69,"column":23},"end":{"line":69,"column":76}},"30":{"start":{"line":70,"column":6},"end":{"line":72,"column":7}},"31":{"start":{"line":71,"column":10},"end":{"line":71,"column":56}},"32":{"start":{"line":73,"column":21},"end":{"line":73,"column":42}},"33":{"start":{"line":76,"column":27},"end":{"line":76,"column":83}},"34":{"start":{"line":76,"column":49},"end":{"line":76,"column":82}},"35":{"start":{"line":79,"column":29},"end":{"line":104,"column":9}},"36":{"start":{"line":80,"column":10},"end":{"line":103,"column":11}},"37":{"start":{"line":81,"column":35},"end":{"line":81,"column":106}},"38":{"start":{"line":82,"column":14},"end":{"line":84,"column":15}},"39":{"start":{"line":83,"column":18},"end":{"line":83,"column":90}},"40":{"start":{"line":85,"column":30},"end":{"line":85,"column":55}},"41":{"start":{"line":87,"column":14},"end":{"line":93,"column":16}},"42":{"start":{"line":95,"column":14},"end":{"line":95,"column":86}},"43":{"start":{"line":96,"column":14},"end":{"line":102,"column":16}},"44":{"start":{"line":106,"column":6},"end":{"line":106,"column":28}},"45":{"start":{"line":108,"column":6},"end":{"line":108,"column":70}},"46":{"start":{"line":109,"column":6},"end":{"line":109,"column":16}},"47":{"start":{"line":114,"column":35},"end":{"line":125,"column":1}},"48":{"start":{"line":115,"column":2},"end":{"line":124,"column":3}},"49":{"start":{"line":116,"column":21},"end":{"line":116,"column":110}},"50":{"start":{"line":117,"column":4},"end":{"line":119,"column":5}},"51":{"start":{"line":118,"column":6},"end":{"line":118,"column":57}},"52":{"start":{"line":120,"column":4},"end":{"line":120,"column":33}},"53":{"start":{"line":122,"column":4},"end":{"line":122,"column":60}},"54":{"start":{"line":123,"column":4},"end":{"line":123,"column":14}}},"fnMap":{"0":{"name":"(anonymous_0)","decl":{"start":{"line":5,"column":25},"end":{"line":5,"column":26}},"loc":{"start":{"line":9,"column":5},"end":{"line":59,"column":1}},"line":9},"1":{"name":"(anonymous_1)","decl":{"start":{"line":30,"column":37},"end":{"line":30,"column":38}},"loc":{"start":{"line":30,"column":45},"end":{"line":30,"column":79}},"line":30},"2":{"name":"(anonymous_2)","decl":{"start":{"line":33,"column":53},"end":{"line":33,"column":54}},"loc":{"start":{"line":33,"column":61},"end":{"line":44,"column":5}},"line":33},"3":{"name":"(anonymous_3)","decl":{"start":{"line":34,"column":53},"end":{"line":34,"column":54}},"loc":{"start":{"line":34,"column":72},"end":{"line":38,"column":7}},"line":34},"4":{"name":"(anonymous_4)","decl":{"start":{"line":47,"column":33},"end":{"line":47,"column":34}},"loc":{"start":{"line":47,"column":43},"end":{"line":47,"column":86}},"line":47},"5":{"name":"(anonymous_5)","decl":{"start":{"line":61,"column":35},"end":{"line":61,"column":36}},"loc":{"start":{"line":61,"column":41},"end":{"line":63,"column":1}},"line":61},"6":{"name":"(anonymous_6)","decl":{"start":{"line":66,"column":41},"end":{"line":66,"column":42}},"loc":{"start":{"line":66,"column":53},"end":{"line":111,"column":1}},"line":66},"7":{"name":"(anonymous_7)","decl":{"start":{"line":76,"column":39},"end":{"line":76,"column":40}},"loc":{"start":{"line":76,"column":49},"end":{"line":76,"column":82}},"line":76},"8":{"name":"(anonymous_8)","decl":{"start":{"line":79,"column":64},"end":{"line":79,"column":65}},"loc":{"start":{"line":79,"column":81},"end":{"line":104,"column":7}},"line":79},"9":{"name":"(anonymous_9)","decl":{"start":{"line":114,"column":35},"end":{"line":114,"column":36}},"loc":{"start":{"line":114,"column":60},"end":{"line":125,"column":1}},"line":114}},"branchMap":{"0":{"loc":{"start":{"line":15,"column":4},"end":{"line":17,"column":5}},"type":"if","locations":[{"start":{"line":15,"column":4},"end":{"line":17,"column":5}},{"start":{},"end":{}}],"line":15},"1":{"loc":{"start":{"line":22,"column":4},"end":{"line":25,"column":5}},"type":"if","locations":[{"start":{"line":22,"column":4},"end":{"line":25,"column":5}},{"start":{},"end":{}}],"line":22},"2":{"loc":{"start":{"line":36,"column":40},"end":{"line":36,"column":74}},"type":"binary-expr","locations":[{"start":{"line":36,"column":40},"end":{"line":36,"column":55}},{"start":{"line":36,"column":59},"end":{"line":36,"column":74}}],"line":36},"3":{"loc":{"start":{"line":37,"column":15},"end":{"line":37,"column":99}},"type":"cond-expr","locations":[{"start":{"line":37,"column":51},"end":{"line":37,"column":90}},{"start":{"line":37,"column":93},"end":{"line":37,"column":99}}],"line":37},"4":{"loc":{"start":{"line":70,"column":6},"end":{"line":72,"column":7}},"type":"if","locations":[{"start":{"line":70,"column":6},"end":{"line":72,"column":7}},{"start":{},"end":{}}],"line":70},"5":{"loc":{"start":{"line":82,"column":14},"end":{"line":84,"column":15}},"type":"if","locations":[{"start":{"line":82,"column":14},"end":{"line":84,"column":15}},{"start":{},"end":{}}],"line":82},"6":{"loc":{"start":{"line":117,"column":4},"end":{"line":119,"column":5}},"type":"if","locations":[{"start":{"line":117,"column":4},"end":{"line":119,"column":5}},{"start":{},"end":{}}],"line":117}},"s":{"0":0,"1":0,"2":0,"3":0,"4":0,"5":0,"6":0,"7":0,"8":0,"9":0,"10":0,"11":0,"12":0,"13":0,"14":0,"15":0,"16":0,"17":0,"18":0,"19":0,"20":0,"21":0,"22":0,"23":0,"24":0,"25":0,"26":0,"27":0,"28":0,"29":0,"30":0,"31":0,"32":0,"33":0,"34":0,"35":0,"36":0,"37":0,"38":0,"39":0,"40":0,"41":0,"42":0,"43":0,"44":0,"45":0,"46":0,"47":0,"48":0,"49":0,"50":0,"51":0,"52":0,"53":0,"54":0},"f":{"0":0,"1":0,"2":0,"3":0,"4":0,"5":0,"6":0,"7":0,"8":0,"9":0},"b":{"0":[0,0],"1":[0,0],"2":[0,0],"3":[0,0],"4":[0,0],"5":[0,0],"6":[0,0]}}
,"/Users/tomyromero/myOffice/training/project2/main/Project2_OMDb_API_Movies_CMS_Group1/iMovies/frontend/src/utils/followUtils.js": {"path":"/Users/tomyromero/myOffice/training/project2/main/Project2_OMDb_API_Movies_CMS_Group1/iMovies/frontend/src/utils/followUtils.js","statementMap":{"0":{"start":{"line":3,"column":34},"end":{"line":58,"column":1}},"1":{"start":{"line":4,"column":24},"end":{"line":4,"column":64}},"2":{"start":{"line":6,"column":4},"end":{"line":9,"column":5}},"3":{"start":{"line":7,"column":8},"end":{"line":7,"column":36}},"4":{"start":{"line":8,"column":8},"end":{"line":8,"column":21}},"5":{"start":{"line":11,"column":4},"end":{"line":57,"column":5}},"6":{"start":{"line":12,"column":8},"end":{"line":51,"column":9}},"7":{"start":{"line":14,"column":12},"end":{"line":14,"column":53}},"8":{"start":{"line":15,"column":29},"end":{"line":15,"column":119}},"9":{"start":{"line":17,"column":12},"end":{"line":22,"column":13}},"10":{"start":{"line":18,"column":34},"end":{"line":18,"column":55}},"11":{"start":{"line":19,"column":16},"end":{"line":19,"column":103}},"12":{"start":{"line":20,"column":16},"end":{"line":20,"column":45}},"13":{"start":{"line":21,"column":16},"end":{"line":21,"column":29}},"14":{"start":{"line":23,"column":12},"end":{"line":23,"column":36}},"15":{"start":{"line":24,"column":12},"end":{"line":24,"column":32}},"16":{"start":{"line":28,"column":12},"end":{"line":28,"column":97}},"17":{"start":{"line":29,"column":32},"end":{"line":33,"column":13}},"18":{"start":{"line":34,"column":29},"end":{"line":38,"column":14}},"19":{"start":{"line":40,"column":12},"end":{"line":45,"column":13}},"20":{"start":{"line":41,"column":34},"end":{"line":41,"column":55}},"21":{"start":{"line":42,"column":16},"end":{"line":42,"column":101}},"22":{"start":{"line":43,"column":16},"end":{"line":43,"column":45}},"23":{"start":{"line":44,"column":16},"end":{"line":44,"column":29}},"24":{"start":{"line":47,"column":31},"end":{"line":47,"column":52}},"25":{"start":{"line":48,"column":12},"end":{"line":48,"column":63}},"26":{"start":{"line":49,"column":12},"end":{"line":49,"column":66}},"27":{"start":{"line":50,"column":12},"end":{"line":50,"column":31}},"28":{"start":{"line":52,"column":8},"end":{"line":52,"column":20}},"29":{"start":{"line":54,"column":8},"end":{"line":54,"column":55}},"30":{"start":{"line":55,"column":8},"end":{"line":55,"column":41}},"31":{"start":{"line":56,"column":8},"end":{"line":56,"column":21}}},"fnMap":{"0":{"name":"(anonymous_0)","decl":{"start":{"line":3,"column":34},"end":{"line":3,"column":35}},"loc":{"start":{"line":3,"column":101},"end":{"line":58,"column":1}},"line":3}},"branchMap":{"0":{"loc":{"start":{"line":6,"column":4},"end":{"line":9,"column":5}},"type":"if","locations":[{"start":{"line":6,"column":4},"end":{"line":9,"column":5}},{"start":{},"end":{}}],"line":6},"1":{"loc":{"start":{"line":12,"column":8},"end":{"line":51,"column":9}},"type":"if","locations":[{"start":{"line":12,"column":8},"end":{"line":51,"column":9}},{"start":{"line":26,"column":15},"end":{"line":51,"column":9}}],"line":12},"2":{"loc":{"start":{"line":17,"column":12},"end":{"line":22,"column":13}},"type":"if","locations":[{"start":{"line":17,"column":12},"end":{"line":22,"column":13}},{"start":{},"end":{}}],"line":17},"3":{"loc":{"start":{"line":40,"column":12},"end":{"line":45,"column":13}},"type":"if","locations":[{"start":{"line":40,"column":12},"end":{"line":45,"column":13}},{"start":{},"end":{}}],"line":40}},"s":{"0":2,"1":1,"2":1,"3":1,"4":1,"5":0,"6":0,"7":0,"8":0,"9":0,"10":0,"11":0,"12":0,"13":0,"14":0,"15":0,"16":0,"17":0,"18":0,"19":0,"20":0,"21":0,"22":0,"23":0,"24":0,"25":0,"26":0,"27":0,"28":0,"29":0,"30":0,"31":0},"f":{"0":1},"b":{"0":[1,0],"1":[0,0],"2":[0,0],"3":[0,0]},"_coverageSchema":"1a1c01bbd47fc00a2c39e90264f33305004495a9","hash":"4bcbc399c1636b920c69ed392b0d695f51d1827e"}
,"/Users/tomyromero/myOffice/training/project2/main/Project2_OMDb_API_Movies_CMS_Group1/iMovies/frontend/src/utils/jwtUtils.js": {"path":"/Users/tomyromero/myOffice/training/project2/main/Project2_OMDb_API_Movies_CMS_Group1/iMovies/frontend/src/utils/jwtUtils.js","statementMap":{"0":{"start":{"line":3,"column":27},"end":{"line":10,"column":1}},"1":{"start":{"line":4,"column":2},"end":{"line":9,"column":3}},"2":{"start":{"line":5,"column":4},"end":{"line":5,"column":28}},"3":{"start":{"line":7,"column":4},"end":{"line":7,"column":43}},"4":{"start":{"line":8,"column":4},"end":{"line":8,"column":16}},"5":{"start":{"line":12,"column":30},"end":{"line":21,"column":1}},"6":{"start":{"line":13,"column":2},"end":{"line":20,"column":3}},"7":{"start":{"line":14,"column":25},"end":{"line":14,"column":41}},"8":{"start":{"line":15,"column":24},"end":{"line":15,"column":41}},"9":{"start":{"line":16,"column":4},"end":{"line":16,"column":42}},"10":{"start":{"line":18,"column":4},"end":{"line":18,"column":43}},"11":{"start":{"line":19,"column":4},"end":{"line":19,"column":16}},"12":{"start":{"line":23,"column":35},"end":{"line":25,"column":1}},"13":{"start":{"line":24,"column":2},"end":{"line":24,"column":34}}},"fnMap":{"0":{"name":"(anonymous_0)","decl":{"start":{"line":3,"column":27},"end":{"line":3,"column":28}},"loc":{"start":{"line":3,"column":38},"end":{"line":10,"column":1}},"line":3},"1":{"name":"(anonymous_1)","decl":{"start":{"line":12,"column":30},"end":{"line":12,"column":31}},"loc":{"start":{"line":12,"column":41},"end":{"line":21,"column":1}},"line":12},"2":{"name":"(anonymous_2)","decl":{"start":{"line":23,"column":35},"end":{"line":23,"column":36}},"loc":{"start":{"line":23,"column":41},"end":{"line":25,"column":1}},"line":23}},"branchMap":{},"s":{"0":1,"1":2,"2":2,"3":1,"4":1,"5":1,"6":3,"7":3,"8":2,"9":2,"10":1,"11":1,"12":1,"13":1},"f":{"0":2,"1":3,"2":1},"b":{},"_coverageSchema":"1a1c01bbd47fc00a2c39e90264f33305004495a9","hash":"6601bd55620a6a3a246210b2c6ebd6bdef79fe0e"}
,"/Users/tomyromero/myOffice/training/project2/main/Project2_OMDb_API_Movies_CMS_Group1/iMovies/frontend/src/utils/likeUtils.js": {"path":"/Users/tomyromero/myOffice/training/project2/main/Project2_OMDb_API_Movies_CMS_Group1/iMovies/frontend/src/utils/likeUtils.js","statementMap":{"0":{"start":{"line":3,"column":32},"end":{"line":50,"column":1}},"1":{"start":{"line":4,"column":22},"end":{"line":4,"column":62}},"2":{"start":{"line":6,"column":2},"end":{"line":9,"column":3}},"3":{"start":{"line":7,"column":4},"end":{"line":7,"column":32}},"4":{"start":{"line":8,"column":4},"end":{"line":8,"column":17}},"5":{"start":{"line":11,"column":2},"end":{"line":49,"column":3}},"6":{"start":{"line":12,"column":4},"end":{"line":43,"column":5}},"7":{"start":{"line":14,"column":6},"end":{"line":14,"column":50}},"8":{"start":{"line":15,"column":23},"end":{"line":15,"column":101}},"9":{"start":{"line":16,"column":6},"end":{"line":19,"column":7}},"10":{"start":{"line":17,"column":8},"end":{"line":17,"column":75}},"11":{"start":{"line":18,"column":8},"end":{"line":18,"column":49}},"12":{"start":{"line":20,"column":6},"end":{"line":20,"column":22}},"13":{"start":{"line":21,"column":6},"end":{"line":21,"column":50}},"14":{"start":{"line":21,"column":27},"end":{"line":21,"column":48}},"15":{"start":{"line":24,"column":22},"end":{"line":28,"column":7}},"16":{"start":{"line":29,"column":6},"end":{"line":29,"column":54}},"17":{"start":{"line":30,"column":23},"end":{"line":34,"column":8}},"18":{"start":{"line":35,"column":6},"end":{"line":38,"column":7}},"19":{"start":{"line":36,"column":8},"end":{"line":36,"column":71}},"20":{"start":{"line":37,"column":8},"end":{"line":37,"column":47}},"21":{"start":{"line":40,"column":24},"end":{"line":40,"column":45}},"22":{"start":{"line":41,"column":6},"end":{"line":41,"column":34}},"23":{"start":{"line":42,"column":6},"end":{"line":42,"column":37}},"24":{"start":{"line":42,"column":27},"end":{"line":42,"column":35}},"25":{"start":{"line":44,"column":4},"end":{"line":44,"column":16}},"26":{"start":{"line":46,"column":4},"end":{"line":46,"column":49}},"27":{"start":{"line":47,"column":4},"end":{"line":47,"column":37}},"28":{"start":{"line":48,"column":4},"end":{"line":48,"column":17}}},"fnMap":{"0":{"name":"(anonymous_0)","decl":{"start":{"line":3,"column":32},"end":{"line":3,"column":33}},"loc":{"start":{"line":3,"column":96},"end":{"line":50,"column":1}},"line":3},"1":{"name":"(anonymous_1)","decl":{"start":{"line":21,"column":19},"end":{"line":21,"column":20}},"loc":{"start":{"line":21,"column":27},"end":{"line":21,"column":48}},"line":21},"2":{"name":"(anonymous_2)","decl":{"start":{"line":42,"column":19},"end":{"line":42,"column":20}},"loc":{"start":{"line":42,"column":27},"end":{"line":42,"column":35}},"line":42}},"branchMap":{"0":{"loc":{"start":{"line":6,"column":2},"end":{"line":9,"column":3}},"type":"if","locations":[{"start":{"line":6,"column":2},"end":{"line":9,"column":3}},{"start":{},"end":{}}],"line":6},"1":{"loc":{"start":{"line":12,"column":4},"end":{"line":43,"column":5}},"type":"if","locations":[{"start":{"line":12,"column":4},"end":{"line":43,"column":5}},{"start":{"line":22,"column":11},"end":{"line":43,"column":5}}],"line":12},"2":{"loc":{"start":{"line":16,"column":6},"end":{"line":19,"column":7}},"type":"if","locations":[{"start":{"line":16,"column":6},"end":{"line":19,"column":7}},{"start":{},"end":{}}],"line":16},"3":{"loc":{"start":{"line":35,"column":6},"end":{"line":38,"column":7}},"type":"if","locations":[{"start":{"line":35,"column":6},"end":{"line":38,"column":7}},{"start":{},"end":{}}],"line":35}},"s":{"0":1,"1":0,"2":0,"3":0,"4":0,"5":0,"6":0,"7":0,"8":0,"9":0,"10":0,"11":0,"12":0,"13":0,"14":0,"15":0,"16":0,"17":0,"18":0,"19":0,"20":0,"21":0,"22":0,"23":0,"24":0,"25":0,"26":0,"27":0,"28":0},"f":{"0":0,"1":0,"2":0},"b":{"0":[0,0],"1":[0,0],"2":[0,0],"3":[0,0]},"_coverageSchema":"1a1c01bbd47fc00a2c39e90264f33305004495a9","hash":"47e5ce9dacb2257f8f61517296772aab94e3e1b6"}
}
